{"C:\\Users\\Conno\\Code\\AlanOS\\client\\src\\App.tsx": {"path":"C:\\Users\\Conno\\Code\\AlanOS\\client\\src\\App.tsx","statementMap":{"0":{"start":{"line":15,"column":0},"end":{"line":15,"column":24}},"1":{"start":{"line":1,"column":0},"end":{"line":1,"column":51}},"2":{"start":{"line":2,"column":0},"end":{"line":2,"column":59}},"3":{"start":{"line":3,"column":0},"end":{"line":3,"column":37}},"4":{"start":{"line":4,"column":0},"end":{"line":4,"column":37}},"5":{"start":{"line":5,"column":0},"end":{"line":5,"column":51}},"6":{"start":{"line":6,"column":0},"end":{"line":6,"column":53}},"7":{"start":{"line":7,"column":0},"end":{"line":7,"column":57}},"8":{"start":{"line":8,"column":0},"end":{"line":8,"column":49}},"9":{"start":{"line":9,"column":0},"end":{"line":9,"column":55}},"10":{"start":{"line":10,"column":0},"end":{"line":10,"column":57}},"11":{"start":{"line":11,"column":0},"end":{"line":11,"column":49}},"12":{"start":{"line":16,"column":26},"end":{"line":16,"column":51}},"13":{"start":{"line":17,"column":46},"end":{"line":17,"column":61}},"14":{"start":{"line":18,"column":48},"end":{"line":18,"column":63}},"15":{"start":{"line":19,"column":50},"end":{"line":19,"column":65}},"16":{"start":{"line":20,"column":105},"end":{"line":20,"column":114}},"17":{"start":{"line":22,"column":2},"end":{"line":41,"column":9}},"18":{"start":{"line":23,"column":19},"end":{"line":23,"column":62}},"19":{"start":{"line":24,"column":17},"end":{"line":24,"column":41}},"20":{"start":{"line":26,"column":4},"end":{"line":29,"column":5}},"21":{"start":{"line":27,"column":6},"end":{"line":27,"column":31}},"22":{"start":{"line":28,"column":6},"end":{"line":28,"column":13}},"23":{"start":{"line":31,"column":4},"end":{"line":34,"column":5}},"24":{"start":{"line":32,"column":6},"end":{"line":32,"column":32}},"25":{"start":{"line":33,"column":6},"end":{"line":33,"column":13}},"26":{"start":{"line":36,"column":4},"end":{"line":40,"column":5}},"27":{"start":{"line":37,"column":6},"end":{"line":37,"column":30}},"28":{"start":{"line":39,"column":6},"end":{"line":39,"column":31}},"29":{"start":{"line":44,"column":2},"end":{"line":56,"column":9}},"30":{"start":{"line":45,"column":27},"end":{"line":52,"column":5}},"31":{"start":{"line":46,"column":21},"end":{"line":46,"column":64}},"32":{"start":{"line":47,"column":6},"end":{"line":51,"column":7}},"33":{"start":{"line":48,"column":8},"end":{"line":48,"column":32}},"34":{"start":{"line":50,"column":8},"end":{"line":50,"column":33}},"35":{"start":{"line":54,"column":4},"end":{"line":54,"column":56}},"36":{"start":{"line":55,"column":4},"end":{"line":55,"column":72}},"37":{"start":{"line":55,"column":17},"end":{"line":55,"column":71}},"38":{"start":{"line":58,"column":2},"end":{"line":66,"column":68}},"39":{"start":{"line":60,"column":4},"end":{"line":65,"column":5}},"40":{"start":{"line":61,"column":6},"end":{"line":64,"column":9}},"41":{"start":{"line":62,"column":8},"end":{"line":62,"column":98}},"42":{"start":{"line":69,"column":2},"end":{"line":77,"column":64}},"43":{"start":{"line":70,"column":4},"end":{"line":76,"column":7}},"44":{"start":{"line":80,"column":2},"end":{"line":82,"column":3}},"45":{"start":{"line":81,"column":4},"end":{"line":81,"column":29}},"46":{"start":{"line":84,"column":2},"end":{"line":86,"column":3}},"47":{"start":{"line":85,"column":4},"end":{"line":85,"column":30}},"48":{"start":{"line":89,"column":2},"end":{"line":107,"column":3}},"49":{"start":{"line":90,"column":4},"end":{"line":106,"column":6}},"50":{"start":{"line":110,"column":2},"end":{"line":139,"column":3}},"51":{"start":{"line":111,"column":4},"end":{"line":117,"column":5}},"52":{"start":{"line":112,"column":6},"end":{"line":116,"column":8}},"53":{"start":{"line":114,"column":39},"end":{"line":114,"column":55}},"54":{"start":{"line":119,"column":4},"end":{"line":138,"column":6}},"55":{"start":{"line":126,"column":16},"end":{"line":126,"column":32}},"56":{"start":{"line":127,"column":16},"end":{"line":127,"column":41}},"57":{"start":{"line":128,"column":16},"end":{"line":128,"column":35}},"58":{"start":{"line":129,"column":16},"end":{"line":129,"column":78}},"59":{"start":{"line":142,"column":2},"end":{"line":186,"column":4}},"60":{"start":{"line":145,"column":43},"end":{"line":145,"column":58}},"61":{"start":{"line":170,"column":33},"end":{"line":170,"column":43}},"62":{"start":{"line":170,"column":59},"end":{"line":170,"column":74}}},"fnMap":{"0":{"name":"App","decl":{"start":{"line":15,"column":24},"end":{"line":15,"column":27}},"loc":{"start":{"line":15,"column":27},"end":{"line":187,"column":1}}},"1":{"name":"(anonymous_2)","decl":{"start":{"line":22,"column":12},"end":{"line":22,"column":15}},"loc":{"start":{"line":22,"column":17},"end":{"line":41,"column":3}}},"2":{"name":"(anonymous_3)","decl":{"start":{"line":44,"column":12},"end":{"line":44,"column":15}},"loc":{"start":{"line":44,"column":17},"end":{"line":56,"column":3}}},"3":{"name":"(anonymous_4)","decl":{"start":{"line":45,"column":27},"end":{"line":45,"column":30}},"loc":{"start":{"line":45,"column":32},"end":{"line":52,"column":5}}},"4":{"name":"(anonymous_5)","decl":{"start":{"line":55,"column":11},"end":{"line":55,"column":14}},"loc":{"start":{"line":55,"column":17},"end":{"line":55,"column":71}}},"5":{"name":"(anonymous_6)","decl":{"start":{"line":58,"column":12},"end":{"line":58,"column":15}},"loc":{"start":{"line":58,"column":17},"end":{"line":66,"column":3}}},"6":{"name":"(anonymous_7)","decl":{"start":{"line":61,"column":32},"end":{"line":61,"column":33}},"loc":{"start":{"line":61,"column":40},"end":{"line":64,"column":7}}},"7":{"name":"(anonymous_8)","decl":{"start":{"line":69,"column":12},"end":{"line":69,"column":15}},"loc":{"start":{"line":69,"column":17},"end":{"line":77,"column":3}}},"8":{"name":"(anonymous_9)","decl":{"start":{"line":114,"column":33},"end":{"line":114,"column":36}},"loc":{"start":{"line":114,"column":39},"end":{"line":114,"column":55}}},"9":{"name":"(anonymous_10)","decl":{"start":{"line":125,"column":23},"end":{"line":125,"column":28}},"loc":{"start":{"line":125,"column":34},"end":{"line":130,"column":15}}},"10":{"name":"(anonymous_11)","decl":{"start":{"line":145,"column":37},"end":{"line":145,"column":40}},"loc":{"start":{"line":145,"column":43},"end":{"line":145,"column":58}}},"11":{"name":"(anonymous_12)","decl":{"start":{"line":170,"column":26},"end":{"line":170,"column":27}},"loc":{"start":{"line":170,"column":33},"end":{"line":170,"column":43}}},"12":{"name":"(anonymous_13)","decl":{"start":{"line":170,"column":53},"end":{"line":170,"column":56}},"loc":{"start":{"line":170,"column":59},"end":{"line":170,"column":74}}}},"branchMap":{"0":{"loc":{"start":{"line":26,"column":4},"end":{"line":29,"column":5}},"type":"if","locations":[{"start":{"line":26,"column":4},"end":{"line":29,"column":5}}]},"1":{"loc":{"start":{"line":31,"column":4},"end":{"line":34,"column":5}},"type":"if","locations":[{"start":{"line":31,"column":4},"end":{"line":34,"column":5}}]},"2":{"loc":{"start":{"line":36,"column":4},"end":{"line":40,"column":5}},"type":"if","locations":[{"start":{"line":36,"column":4},"end":{"line":40,"column":5}},{"start":{"line":38,"column":11},"end":{"line":40,"column":5}}]},"3":{"loc":{"start":{"line":47,"column":6},"end":{"line":51,"column":7}},"type":"if","locations":[{"start":{"line":47,"column":6},"end":{"line":51,"column":7}},{"start":{"line":49,"column":13},"end":{"line":51,"column":7}}]},"4":{"loc":{"start":{"line":60,"column":4},"end":{"line":65,"column":5}},"type":"if","locations":[{"start":{"line":60,"column":4},"end":{"line":65,"column":5}}]},"5":{"loc":{"start":{"line":60,"column":8},"end":{"line":60,"column":55}},"type":"binary-expr","locations":[{"start":{"line":60,"column":8},"end":{"line":60,"column":20}},{"start":{"line":60,"column":24},"end":{"line":60,"column":36}},{"start":{"line":60,"column":40},"end":{"line":60,"column":55}}]},"6":{"loc":{"start":{"line":72,"column":19},"end":{"line":72,"column":69}},"type":"binary-expr","locations":[{"start":{"line":72,"column":19},"end":{"line":72,"column":37}},{"start":{"line":72,"column":41},"end":{"line":72,"column":69}}]},"7":{"loc":{"start":{"line":80,"column":2},"end":{"line":82,"column":3}},"type":"if","locations":[{"start":{"line":80,"column":2},"end":{"line":82,"column":3}}]},"8":{"loc":{"start":{"line":84,"column":2},"end":{"line":86,"column":3}},"type":"if","locations":[{"start":{"line":84,"column":2},"end":{"line":86,"column":3}}]},"9":{"loc":{"start":{"line":89,"column":2},"end":{"line":107,"column":3}},"type":"if","locations":[{"start":{"line":89,"column":2},"end":{"line":107,"column":3}}]},"10":{"loc":{"start":{"line":100,"column":9},"end":{"line":103,"column":null}},"type":"binary-expr","locations":[{"start":{"line":100,"column":9},"end":{"line":100,"column":23}},{"start":{"line":101,"column":10},"end":{"line":101,"column":null}}]},"11":{"loc":{"start":{"line":110,"column":2},"end":{"line":139,"column":3}},"type":"if","locations":[{"start":{"line":110,"column":2},"end":{"line":139,"column":3}}]},"12":{"loc":{"start":{"line":111,"column":4},"end":{"line":117,"column":5}},"type":"if","locations":[{"start":{"line":111,"column":4},"end":{"line":117,"column":5}}]},"13":{"loc":{"start":{"line":144,"column":7},"end":{"line":145,"column":null}},"type":"binary-expr","locations":[{"start":{"line":144,"column":7},"end":{"line":144,"column":25}},{"start":{"line":145,"column":8},"end":{"line":145,"column":62}}]},"14":{"loc":{"start":{"line":148,"column":7},"end":{"line":183,"column":null}},"type":"binary-expr","locations":[{"start":{"line":148,"column":7},"end":{"line":148,"column":25}},{"start":{"line":149,"column":8},"end":{"line":182,"column":null}}]},"15":{"loc":{"start":{"line":150,"column":11},"end":{"line":168,"column":null}},"type":"binary-expr","locations":[{"start":{"line":150,"column":11},"end":{"line":150,"column":20}},{"start":{"line":150,"column":24},"end":{"line":150,"column":36}},{"start":{"line":151,"column":12},"end":{"line":167,"column":null}}]},"16":{"loc":{"start":{"line":165,"column":15},"end":{"line":166,"column":null}},"type":"binary-expr","locations":[{"start":{"line":165,"column":15},"end":{"line":165,"column":46}},{"start":{"line":166,"column":16},"end":{"line":166,"column":72}}]},"17":{"loc":{"start":{"line":173,"column":13},"end":{"line":177,"column":null}},"type":"binary-expr","locations":[{"start":{"line":173,"column":13},"end":{"line":173,"column":28}},{"start":{"line":174,"column":14},"end":{"line":174,"column":null}}]},"18":{"loc":{"start":{"line":179,"column":13},"end":{"line":179,"column":40}},"type":"binary-expr","locations":[{"start":{"line":179,"column":13},"end":{"line":179,"column":28}},{"start":{"line":179,"column":32},"end":{"line":179,"column":40}}]},"19":{"loc":{"start":{"line":180,"column":13},"end":{"line":180,"column":49}},"type":"binary-expr","locations":[{"start":{"line":180,"column":13},"end":{"line":180,"column":30}},{"start":{"line":180,"column":34},"end":{"line":180,"column":49}}]},"20":{"loc":{"start":{"line":181,"column":13},"end":{"line":181,"column":51}},"type":"binary-expr","locations":[{"start":{"line":181,"column":13},"end":{"line":181,"column":31}},{"start":{"line":181,"column":35},"end":{"line":181,"column":51}}]}},"s":{"0":0,"1":0,"2":0,"3":0,"4":0,"5":0,"6":0,"7":0,"8":0,"9":0,"10":0,"11":0,"12":0,"13":0,"14":0,"15":0,"16":0,"17":0,"18":0,"19":0,"20":0,"21":0,"22":0,"23":0,"24":0,"25":0,"26":0,"27":0,"28":0,"29":0,"30":0,"31":0,"32":0,"33":0,"34":0,"35":0,"36":0,"37":0,"38":0,"39":0,"40":0,"41":0,"42":0,"43":0,"44":0,"45":0,"46":0,"47":0,"48":0,"49":0,"50":0,"51":0,"52":0,"53":0,"54":0,"55":0,"56":0,"57":0,"58":0,"59":0,"60":0,"61":0,"62":0},"f":{"0":0,"1":0,"2":0,"3":0,"4":0,"5":0,"6":0,"7":0,"8":0,"9":0,"10":0,"11":0,"12":0},"b":{"0":[0],"1":[0],"2":[0,0],"3":[0,0],"4":[0],"5":[0,0,0],"6":[0,0],"7":[0],"8":[0],"9":[0],"10":[0,0],"11":[0],"12":[0],"13":[0,0],"14":[0,0],"15":[0,0,0],"16":[0,0],"17":[0,0],"18":[0,0],"19":[0,0],"20":[0,0]}}
,"C:\\Users\\Conno\\Code\\AlanOS\\client\\src\\admin\\AdminQuizPanel.tsx": {"path":"C:\\Users\\Conno\\Code\\AlanOS\\client\\src\\admin\\AdminQuizPanel.tsx","statementMap":{"0":{"start":{"line":7,"column":0},"end":{"line":7,"column":24}},"1":{"start":{"line":1,"column":0},"end":{"line":1,"column":51}},"2":{"start":{"line":2,"column":0},"end":{"line":2,"column":107}},"3":{"start":{"line":3,"column":0},"end":{"line":3,"column":37}},"4":{"start":{"line":4,"column":0},"end":{"line":4,"column":50}},"5":{"start":{"line":5,"column":0},"end":{"line":5,"column":50}},"6":{"start":{"line":8,"column":36},"end":{"line":8,"column":65}},"7":{"start":{"line":9,"column":30},"end":{"line":9,"column":45}},"8":{"start":{"line":10,"column":28},"end":{"line":10,"column":57}},"9":{"start":{"line":11,"column":28},"end":{"line":11,"column":50}},"10":{"start":{"line":12,"column":26},"end":{"line":12,"column":35}},"11":{"start":{"line":15,"column":2},"end":{"line":32,"column":9}},"12":{"start":{"line":16,"column":18},"end":{"line":29,"column":null}},"13":{"start":{"line":19,"column":8},"end":{"line":23,"column":9}},"14":{"start":{"line":20,"column":23},"end":{"line":20,"column":34}},"15":{"start":{"line":21,"column":10},"end":{"line":21,"column":57}},"16":{"start":{"line":22,"column":10},"end":{"line":22,"column":48}},"17":{"start":{"line":24,"column":8},"end":{"line":24,"column":23}},"18":{"start":{"line":27,"column":8},"end":{"line":27,"column":57}},"19":{"start":{"line":28,"column":8},"end":{"line":28,"column":52}},"20":{"start":{"line":31,"column":4},"end":{"line":31,"column":25}},"21":{"start":{"line":31,"column":17},"end":{"line":31,"column":24}},"22":{"start":{"line":35,"column":2},"end":{"line":56,"column":18}},"23":{"start":{"line":36,"column":4},"end":{"line":36,"column":35}},"24":{"start":{"line":36,"column":28},"end":{"line":36,"column":35}},"25":{"start":{"line":38,"column":14},"end":{"line":40,"column":null}},"26":{"start":{"line":43,"column":18},"end":{"line":53,"column":6}},"27":{"start":{"line":44,"column":21},"end":{"line":44,"column":33}},"28":{"start":{"line":45,"column":6},"end":{"line":51,"column":9}},"29":{"start":{"line":46,"column":21},"end":{"line":46,"column":31}},"30":{"start":{"line":47,"column":26},"end":{"line":47,"column":37}},"31":{"start":{"line":48,"column":8},"end":{"line":50,"column":9}},"32":{"start":{"line":49,"column":10},"end":{"line":49,"column":30}},"33":{"start":{"line":52,"column":6},"end":{"line":52,"column":23}},"34":{"start":{"line":55,"column":4},"end":{"line":55,"column":25}},"35":{"start":{"line":55,"column":17},"end":{"line":55,"column":24}},"36":{"start":{"line":59,"column":4},"end":{"line":68,"column":5}},"37":{"start":{"line":60,"column":6},"end":{"line":63,"column":9}},"38":{"start":{"line":64,"column":6},"end":{"line":64,"column":21}},"39":{"start":{"line":66,"column":6},"end":{"line":66,"column":52}},"40":{"start":{"line":67,"column":6},"end":{"line":67,"column":44}},"41":{"start":{"line":72,"column":4},"end":{"line":72,"column":35}},"42":{"start":{"line":72,"column":28},"end":{"line":72,"column":35}},"43":{"start":{"line":73,"column":4},"end":{"line":82,"column":5}},"44":{"start":{"line":74,"column":6},"end":{"line":77,"column":9}},"45":{"start":{"line":78,"column":6},"end":{"line":78,"column":21}},"46":{"start":{"line":80,"column":6},"end":{"line":80,"column":53}},"47":{"start":{"line":81,"column":6},"end":{"line":81,"column":42}},"48":{"start":{"line":86,"column":4},"end":{"line":95,"column":5}},"49":{"start":{"line":87,"column":6},"end":{"line":90,"column":9}},"50":{"start":{"line":91,"column":6},"end":{"line":91,"column":21}},"51":{"start":{"line":93,"column":6},"end":{"line":93,"column":54}},"52":{"start":{"line":94,"column":6},"end":{"line":94,"column":43}},"53":{"start":{"line":99,"column":4},"end":{"line":99,"column":66}},"54":{"start":{"line":103,"column":4},"end":{"line":105,"column":5}},"55":{"start":{"line":104,"column":6},"end":{"line":104,"column":13}},"56":{"start":{"line":107,"column":4},"end":{"line":119,"column":5}},"57":{"start":{"line":108,"column":27},"end":{"line":108,"column":59}},"58":{"start":{"line":109,"column":23},"end":{"line":109,"column":50}},"59":{"start":{"line":111,"column":29},"end":{"line":111,"column":75}},"60":{"start":{"line":111,"column":56},"end":{"line":111,"column":74}},"61":{"start":{"line":112,"column":6},"end":{"line":112,"column":40}},"62":{"start":{"line":114,"column":6},"end":{"line":114,"column":65}},"63":{"start":{"line":115,"column":6},"end":{"line":115,"column":21}},"64":{"start":{"line":117,"column":6},"end":{"line":117,"column":55}},"65":{"start":{"line":118,"column":6},"end":{"line":118,"column":44}},"66":{"start":{"line":122,"column":21},"end":{"line":122,"column":57}},"67":{"start":{"line":122,"column":46},"end":{"line":122,"column":53}},"68":{"start":{"line":124,"column":2},"end":{"line":303,"column":4}},"69":{"start":{"line":186,"column":12},"end":{"line":187,"column":null}},"70":{"start":{"line":188,"column":29},"end":{"line":188,"column":43}},"71":{"start":{"line":236,"column":33},"end":{"line":236,"column":96}},"72":{"start":{"line":237,"column":32},"end":{"line":237,"column":70}},"73":{"start":{"line":239,"column":14},"end":{"line":260,"column":16}}},"fnMap":{"0":{"name":"AdminQuizPanel","decl":{"start":{"line":7,"column":24},"end":{"line":7,"column":38}},"loc":{"start":{"line":7,"column":38},"end":{"line":304,"column":1}}},"1":{"name":"(anonymous_1)","decl":{"start":{"line":15,"column":12},"end":{"line":15,"column":15}},"loc":{"start":{"line":15,"column":17},"end":{"line":32,"column":3}}},"2":{"name":"(anonymous_2)","decl":{"start":{"line":18,"column":6},"end":{"line":18,"column":7}},"loc":{"start":{"line":18,"column":15},"end":{"line":25,"column":7}}},"3":{"name":"(anonymous_3)","decl":{"start":{"line":26,"column":6},"end":{"line":26,"column":7}},"loc":{"start":{"line":26,"column":14},"end":{"line":29,"column":7}}},"4":{"name":"(anonymous_4)","decl":{"start":{"line":31,"column":11},"end":{"line":31,"column":14}},"loc":{"start":{"line":31,"column":17},"end":{"line":31,"column":24}}},"5":{"name":"(anonymous_5)","decl":{"start":{"line":35,"column":12},"end":{"line":35,"column":15}},"loc":{"start":{"line":35,"column":17},"end":{"line":56,"column":3}}},"6":{"name":"(anonymous_6)","decl":{"start":{"line":43,"column":32},"end":{"line":43,"column":33}},"loc":{"start":{"line":43,"column":45},"end":{"line":53,"column":5}}},"7":{"name":"(anonymous_7)","decl":{"start":{"line":45,"column":23},"end":{"line":45,"column":24}},"loc":{"start":{"line":45,"column":31},"end":{"line":51,"column":7}}},"8":{"name":"(anonymous_8)","decl":{"start":{"line":55,"column":11},"end":{"line":55,"column":14}},"loc":{"start":{"line":55,"column":17},"end":{"line":55,"column":24}}},"9":{"name":"setQuestion","decl":{"start":{"line":58,"column":17},"end":{"line":58,"column":28}},"loc":{"start":{"line":58,"column":38},"end":{"line":69,"column":3}}},"10":{"name":"revealAnswer","decl":{"start":{"line":71,"column":17},"end":{"line":71,"column":29}},"loc":{"start":{"line":71,"column":29},"end":{"line":83,"column":3}}},"11":{"name":"closeQuestion","decl":{"start":{"line":85,"column":17},"end":{"line":85,"column":30}},"loc":{"start":{"line":85,"column":30},"end":{"line":96,"column":3}}},"12":{"name":"openProjector","decl":{"start":{"line":98,"column":11},"end":{"line":98,"column":24}},"loc":{"start":{"line":98,"column":24},"end":{"line":100,"column":3}}},"13":{"name":"clearAllResponses","decl":{"start":{"line":102,"column":17},"end":{"line":102,"column":34}},"loc":{"start":{"line":102,"column":34},"end":{"line":120,"column":3}}},"14":{"name":"(anonymous_14)","decl":{"start":{"line":111,"column":47},"end":{"line":111,"column":48}},"loc":{"start":{"line":111,"column":56},"end":{"line":111,"column":74}}},"15":{"name":"(anonymous_15)","decl":{"start":{"line":122,"column":34},"end":{"line":122,"column":35}},"loc":{"start":{"line":122,"column":46},"end":{"line":122,"column":53}}},"16":{"name":"(anonymous_16)","decl":{"start":{"line":185,"column":25},"end":{"line":185,"column":26}},"loc":{"start":{"line":186,"column":12},"end":{"line":187,"column":null}}},"17":{"name":"(anonymous_17)","decl":{"start":{"line":188,"column":23},"end":{"line":188,"column":26}},"loc":{"start":{"line":188,"column":29},"end":{"line":188,"column":43}}},"18":{"name":"(anonymous_18)","decl":{"start":{"line":235,"column":43},"end":{"line":235,"column":44}},"loc":{"start":{"line":235,"column":57},"end":{"line":261,"column":13}}}},"branchMap":{"0":{"loc":{"start":{"line":19,"column":8},"end":{"line":23,"column":9}},"type":"if","locations":[{"start":{"line":19,"column":8},"end":{"line":23,"column":9}}]},"1":{"loc":{"start":{"line":21,"column":23},"end":{"line":21,"column":55}},"type":"binary-expr","locations":[{"start":{"line":21,"column":23},"end":{"line":21,"column":47}},{"start":{"line":21,"column":51},"end":{"line":21,"column":55}}]},"2":{"loc":{"start":{"line":22,"column":20},"end":{"line":22,"column":46}},"type":"binary-expr","locations":[{"start":{"line":22,"column":20},"end":{"line":22,"column":37}},{"start":{"line":22,"column":41},"end":{"line":22,"column":46}}]},"3":{"loc":{"start":{"line":36,"column":4},"end":{"line":36,"column":35}},"type":"if","locations":[{"start":{"line":36,"column":4},"end":{"line":36,"column":35}}]},"4":{"loc":{"start":{"line":48,"column":8},"end":{"line":50,"column":9}},"type":"if","locations":[{"start":{"line":48,"column":8},"end":{"line":50,"column":9}}]},"5":{"loc":{"start":{"line":48,"column":12},"end":{"line":48,"column":88}},"type":"binary-expr","locations":[{"start":{"line":48,"column":12},"end":{"line":48,"column":41}},{"start":{"line":48,"column":45},"end":{"line":48,"column":59}},{"start":{"line":48,"column":63},"end":{"line":48,"column":88}}]},"6":{"loc":{"start":{"line":72,"column":4},"end":{"line":72,"column":35}},"type":"if","locations":[{"start":{"line":72,"column":4},"end":{"line":72,"column":35}}]},"7":{"loc":{"start":{"line":103,"column":4},"end":{"line":105,"column":5}},"type":"if","locations":[{"start":{"line":103,"column":4},"end":{"line":105,"column":5}}]},"8":{"loc":{"start":{"line":162,"column":7},"end":{"line":165,"column":null}},"type":"binary-expr","locations":[{"start":{"line":162,"column":7},"end":{"line":162,"column":18}},{"start":{"line":163,"column":8},"end":{"line":164,"column":null}}]},"9":{"loc":{"start":{"line":164,"column":25},"end":{"line":164,"column":61}},"type":"binary-expr","locations":[{"start":{"line":164,"column":25},"end":{"line":164,"column":42}},{"start":{"line":164,"column":46},"end":{"line":164,"column":61}}]},"10":{"loc":{"start":{"line":168,"column":7},"end":{"line":178,"column":null}},"type":"binary-expr","locations":[{"start":{"line":168,"column":7},"end":{"line":168,"column":12}},{"start":{"line":169,"column":8},"end":{"line":177,"column":null}}]},"11":{"loc":{"start":{"line":191,"column":28},"end":{"line":191,"column":64}},"type":"cond-expr","locations":[{"start":{"line":191,"column":46},"end":{"line":191,"column":55}},{"start":{"line":191,"column":58},"end":{"line":191,"column":64}}]},"12":{"loc":{"start":{"line":197,"column":28},"end":{"line":197,"column":55}},"type":"cond-expr","locations":[{"start":{"line":197,"column":46},"end":{"line":197,"column":49}},{"start":{"line":197,"column":52},"end":{"line":197,"column":55}}]},"13":{"loc":{"start":{"line":207,"column":26},"end":{"line":207,"column":65}},"type":"cond-expr","locations":[{"start":{"line":207,"column":47},"end":{"line":207,"column":56}},{"start":{"line":207,"column":59},"end":{"line":207,"column":65}}]},"14":{"loc":{"start":{"line":221,"column":7},"end":{"line":289,"column":null}},"type":"binary-expr","locations":[{"start":{"line":221,"column":7},"end":{"line":221,"column":25}},{"start":{"line":222,"column":8},"end":{"line":288,"column":null}}]},"15":{"loc":{"start":{"line":236,"column":33},"end":{"line":236,"column":96}},"type":"cond-expr","locations":[{"start":{"line":236,"column":50},"end":{"line":236,"column":92}},{"start":{"line":236,"column":95},"end":{"line":236,"column":96}}]},"16":{"loc":{"start":{"line":247,"column":28},"end":{"line":247,"column":88}},"type":"cond-expr","locations":[{"start":{"line":247,"column":50},"end":{"line":247,"column":69}},{"start":{"line":247,"column":72},"end":{"line":247,"column":88}}]},"17":{"loc":{"start":{"line":247,"column":28},"end":{"line":247,"column":47}},"type":"binary-expr","locations":[{"start":{"line":247,"column":28},"end":{"line":247,"column":34}},{"start":{"line":247,"column":38},"end":{"line":247,"column":47}}]},"18":{"loc":{"start":{"line":251,"column":42},"end":{"line":251,"column":82}},"type":"cond-expr","locations":[{"start":{"line":251,"column":64},"end":{"line":251,"column":73}},{"start":{"line":251,"column":76},"end":{"line":251,"column":82}}]},"19":{"loc":{"start":{"line":251,"column":42},"end":{"line":251,"column":61}},"type":"binary-expr","locations":[{"start":{"line":251,"column":42},"end":{"line":251,"column":48}},{"start":{"line":251,"column":52},"end":{"line":251,"column":61}}]},"20":{"loc":{"start":{"line":253,"column":23},"end":{"line":253,"column":50}},"type":"binary-expr","locations":[{"start":{"line":253,"column":23},"end":{"line":253,"column":29}},{"start":{"line":253,"column":33},"end":{"line":253,"column":42}},{"start":{"line":253,"column":46},"end":{"line":253,"column":50}}]},"21":{"loc":{"start":{"line":266,"column":13},"end":{"line":281,"column":null}},"type":"binary-expr","locations":[{"start":{"line":266,"column":13},"end":{"line":266,"column":20}},{"start":{"line":267,"column":14},"end":{"line":278,"column":null}}]},"22":{"loc":{"start":{"line":283,"column":13},"end":{"line":286,"column":null}},"type":"binary-expr","locations":[{"start":{"line":283,"column":13},"end":{"line":283,"column":19}},{"start":{"line":284,"column":14},"end":{"line":284,"column":null}}]},"23":{"loc":{"start":{"line":292,"column":7},"end":{"line":300,"column":null}},"type":"binary-expr","locations":[{"start":{"line":292,"column":7},"end":{"line":292,"column":25}},{"start":{"line":293,"column":8},"end":{"line":298,"column":null}}]}},"s":{"0":0,"1":0,"2":0,"3":0,"4":0,"5":0,"6":0,"7":0,"8":0,"9":0,"10":0,"11":0,"12":0,"13":0,"14":0,"15":0,"16":0,"17":0,"18":0,"19":0,"20":0,"21":0,"22":0,"23":0,"24":0,"25":0,"26":0,"27":0,"28":0,"29":0,"30":0,"31":0,"32":0,"33":0,"34":0,"35":0,"36":0,"37":0,"38":0,"39":0,"40":0,"41":0,"42":0,"43":0,"44":0,"45":0,"46":0,"47":0,"48":0,"49":0,"50":0,"51":0,"52":0,"53":0,"54":0,"55":0,"56":0,"57":0,"58":0,"59":0,"60":0,"61":0,"62":0,"63":0,"64":0,"65":0,"66":0,"67":0,"68":0,"69":0,"70":0,"71":0,"72":0,"73":0},"f":{"0":0,"1":0,"2":0,"3":0,"4":0,"5":0,"6":0,"7":0,"8":0,"9":0,"10":0,"11":0,"12":0,"13":0,"14":0,"15":0,"16":0,"17":0,"18":0},"b":{"0":[0],"1":[0,0],"2":[0,0],"3":[0],"4":[0],"5":[0,0,0],"6":[0],"7":[0],"8":[0,0],"9":[0,0],"10":[0,0],"11":[0,0],"12":[0,0],"13":[0,0],"14":[0,0],"15":[0,0],"16":[0,0],"17":[0,0],"18":[0,0],"19":[0,0],"20":[0,0,0],"21":[0,0],"22":[0,0],"23":[0,0]}}
,"C:\\Users\\Conno\\Code\\AlanOS\\client\\src\\components\\AdminDashboard.tsx": {"path":"C:\\Users\\Conno\\Code\\AlanOS\\client\\src\\components\\AdminDashboard.tsx","statementMap":{"0":{"start":{"line":7,"column":0},"end":{"line":7,"column":24}},"1":{"start":{"line":1,"column":0},"end":{"line":1,"column":51}},"2":{"start":{"line":2,"column":0},"end":{"line":2,"column":53}},"3":{"start":{"line":3,"column":0},"end":{"line":3,"column":60}},"4":{"start":{"line":4,"column":0},"end":{"line":4,"column":40}},"5":{"start":{"line":5,"column":0},"end":{"line":5,"column":75}},"6":{"start":{"line":8,"column":36},"end":{"line":8,"column":84}},"7":{"start":{"line":9,"column":30},"end":{"line":9,"column":51}},"8":{"start":{"line":10,"column":32},"end":{"line":10,"column":47}},"9":{"start":{"line":13,"column":2},"end":{"line":17,"column":18}},"10":{"start":{"line":14,"column":4},"end":{"line":16,"column":5}},"11":{"start":{"line":15,"column":6},"end":{"line":15,"column":19}},"12":{"start":{"line":20,"column":4},"end":{"line":20,"column":21}},"13":{"start":{"line":21,"column":4},"end":{"line":28,"column":5}},"14":{"start":{"line":22,"column":24},"end":{"line":22,"column":42}},"15":{"start":{"line":23,"column":6},"end":{"line":23,"column":27}},"16":{"start":{"line":25,"column":6},"end":{"line":25,"column":53}},"17":{"start":{"line":27,"column":6},"end":{"line":27,"column":24}},"18":{"start":{"line":33,"column":4},"end":{"line":33,"column":17}},"19":{"start":{"line":36,"column":2},"end":{"line":134,"column":4}},"20":{"start":{"line":41,"column":25},"end":{"line":41,"column":45}},"21":{"start":{"line":54,"column":25},"end":{"line":54,"column":47}},"22":{"start":{"line":67,"column":25},"end":{"line":67,"column":49}},"23":{"start":{"line":100,"column":44},"end":{"line":100,"column":83}}},"fnMap":{"0":{"name":"AdminDashboard","decl":{"start":{"line":7,"column":24},"end":{"line":7,"column":38}},"loc":{"start":{"line":7,"column":38},"end":{"line":135,"column":1}}},"1":{"name":"(anonymous_2)","decl":{"start":{"line":13,"column":12},"end":{"line":13,"column":15}},"loc":{"start":{"line":13,"column":17},"end":{"line":17,"column":3}}},"2":{"name":"loadPhotos","decl":{"start":{"line":19,"column":17},"end":{"line":19,"column":27}},"loc":{"start":{"line":19,"column":27},"end":{"line":29,"column":3}}},"3":{"name":"handlePhotoUploaded","decl":{"start":{"line":31,"column":11},"end":{"line":31,"column":30}},"loc":{"start":{"line":31,"column":30},"end":{"line":34,"column":3}}},"4":{"name":"(anonymous_5)","decl":{"start":{"line":41,"column":19},"end":{"line":41,"column":22}},"loc":{"start":{"line":41,"column":25},"end":{"line":41,"column":45}}},"5":{"name":"(anonymous_6)","decl":{"start":{"line":54,"column":19},"end":{"line":54,"column":22}},"loc":{"start":{"line":54,"column":25},"end":{"line":54,"column":47}}},"6":{"name":"(anonymous_7)","decl":{"start":{"line":67,"column":19},"end":{"line":67,"column":22}},"loc":{"start":{"line":67,"column":25},"end":{"line":67,"column":49}}},"7":{"name":"(anonymous_8)","decl":{"start":{"line":100,"column":33},"end":{"line":100,"column":34}},"loc":{"start":{"line":100,"column":44},"end":{"line":100,"column":83}}}},"branchMap":{"0":{"loc":{"start":{"line":14,"column":4},"end":{"line":16,"column":5}},"type":"if","locations":[{"start":{"line":14,"column":4},"end":{"line":16,"column":5}}]},"1":{"loc":{"start":{"line":44,"column":29},"end":{"line":44,"column":70}},"type":"cond-expr","locations":[{"start":{"line":44,"column":52},"end":{"line":44,"column":61}},{"start":{"line":44,"column":64},"end":{"line":44,"column":70}}]},"2":{"loc":{"start":{"line":57,"column":29},"end":{"line":57,"column":72}},"type":"cond-expr","locations":[{"start":{"line":57,"column":54},"end":{"line":57,"column":63}},{"start":{"line":57,"column":66},"end":{"line":57,"column":72}}]},"3":{"loc":{"start":{"line":70,"column":29},"end":{"line":70,"column":74}},"type":"cond-expr","locations":[{"start":{"line":70,"column":56},"end":{"line":70,"column":65}},{"start":{"line":70,"column":68},"end":{"line":70,"column":74}}]},"4":{"loc":{"start":{"line":81,"column":7},"end":{"line":81,"column":49}},"type":"binary-expr","locations":[{"start":{"line":81,"column":7},"end":{"line":81,"column":27}},{"start":{"line":81,"column":31},"end":{"line":81,"column":49}}]},"5":{"loc":{"start":{"line":83,"column":7},"end":{"line":123,"column":null}},"type":"binary-expr","locations":[{"start":{"line":83,"column":7},"end":{"line":83,"column":29}},{"start":{"line":84,"column":8},"end":{"line":122,"column":null}}]},"6":{"loc":{"start":{"line":96,"column":13},"end":{"line":96,"column":48}},"type":"binary-expr","locations":[{"start":{"line":96,"column":13},"end":{"line":96,"column":20}},{"start":{"line":96,"column":24},"end":{"line":96,"column":48}}]},"7":{"loc":{"start":{"line":97,"column":13},"end":{"line":101,"column":null}},"type":"binary-expr","locations":[{"start":{"line":97,"column":13},"end":{"line":97,"column":21}},{"start":{"line":97,"column":25},"end":{"line":97,"column":42}},{"start":{"line":98,"column":14},"end":{"line":100,"column":null}}]},"8":{"loc":{"start":{"line":103,"column":13},"end":{"line":106,"column":null}},"type":"binary-expr","locations":[{"start":{"line":103,"column":13},"end":{"line":103,"column":21}},{"start":{"line":103,"column":25},"end":{"line":103,"column":44}},{"start":{"line":104,"column":14},"end":{"line":104,"column":null}}]},"9":{"loc":{"start":{"line":126,"column":7},"end":{"line":131,"column":null}},"type":"binary-expr","locations":[{"start":{"line":126,"column":7},"end":{"line":126,"column":31}},{"start":{"line":127,"column":8},"end":{"line":129,"column":null}}]}},"s":{"0":0,"1":0,"2":0,"3":0,"4":0,"5":0,"6":0,"7":0,"8":0,"9":0,"10":0,"11":0,"12":0,"13":0,"14":0,"15":0,"16":0,"17":0,"18":0,"19":0,"20":0,"21":0,"22":0,"23":0},"f":{"0":0,"1":0,"2":0,"3":0,"4":0,"5":0,"6":0,"7":0},"b":{"0":[0],"1":[0,0],"2":[0,0],"3":[0,0],"4":[0,0],"5":[0,0],"6":[0,0],"7":[0,0,0],"8":[0,0,0],"9":[0,0]}}
,"C:\\Users\\Conno\\Code\\AlanOS\\client\\src\\components\\AdminLogin.tsx": {"path":"C:\\Users\\Conno\\Code\\AlanOS\\client\\src\\components\\AdminLogin.tsx","statementMap":{"0":{"start":{"line":8,"column":0},"end":{"line":8,"column":24}},"1":{"start":{"line":1,"column":0},"end":{"line":1,"column":40}},"2":{"start":{"line":2,"column":0},"end":{"line":2,"column":50}},"3":{"start":{"line":9,"column":28},"end":{"line":9,"column":40}},"4":{"start":{"line":10,"column":34},"end":{"line":10,"column":46}},"5":{"start":{"line":11,"column":60},"end":{"line":11,"column":69}},"6":{"start":{"line":13,"column":23},"end":{"line":27,"column":3}},"7":{"start":{"line":14,"column":4},"end":{"line":14,"column":23}},"8":{"start":{"line":15,"column":4},"end":{"line":15,"column":17}},"9":{"start":{"line":17,"column":4},"end":{"line":19,"column":5}},"10":{"start":{"line":18,"column":6},"end":{"line":18,"column":13}},"11":{"start":{"line":21,"column":4},"end":{"line":26,"column":5}},"12":{"start":{"line":22,"column":6},"end":{"line":22,"column":45}},"13":{"start":{"line":23,"column":6},"end":{"line":23,"column":18}},"14":{"start":{"line":29,"column":2},"end":{"line":119,"column":4}},"15":{"start":{"line":57,"column":31},"end":{"line":57,"column":55}},"16":{"start":{"line":73,"column":31},"end":{"line":73,"column":58}}},"fnMap":{"0":{"name":"AdminLogin","decl":{"start":{"line":8,"column":24},"end":{"line":8,"column":34}},"loc":{"start":{"line":8,"column":65},"end":{"line":120,"column":1}}},"1":{"name":"(anonymous_1)","decl":{"start":{"line":13,"column":23},"end":{"line":13,"column":28}},"loc":{"start":{"line":13,"column":52},"end":{"line":27,"column":3}}},"2":{"name":"(anonymous_2)","decl":{"start":{"line":57,"column":24},"end":{"line":57,"column":25}},"loc":{"start":{"line":57,"column":31},"end":{"line":57,"column":55}}},"3":{"name":"(anonymous_3)","decl":{"start":{"line":73,"column":24},"end":{"line":73,"column":25}},"loc":{"start":{"line":73,"column":31},"end":{"line":73,"column":58}}}},"branchMap":{"0":{"loc":{"start":{"line":17,"column":4},"end":{"line":19,"column":5}},"type":"if","locations":[{"start":{"line":17,"column":4},"end":{"line":19,"column":5}}]},"1":{"loc":{"start":{"line":17,"column":8},"end":{"line":17,"column":27}},"type":"binary-expr","locations":[{"start":{"line":17,"column":8},"end":{"line":17,"column":14}},{"start":{"line":17,"column":18},"end":{"line":17,"column":27}}]},"2":{"loc":{"start":{"line":81,"column":11},"end":{"line":91,"column":null}},"type":"binary-expr","locations":[{"start":{"line":81,"column":11},"end":{"line":81,"column":16}},{"start":{"line":82,"column":12},"end":{"line":90,"column":null}}]},"3":{"loc":{"start":{"line":101,"column":23},"end":{"line":101,"column":42}},"type":"cond-expr","locations":[{"start":{"line":101,"column":35},"end":{"line":101,"column":38}},{"start":{"line":101,"column":41},"end":{"line":101,"column":42}}]},"4":{"loc":{"start":{"line":102,"column":22},"end":{"line":102,"column":59}},"type":"cond-expr","locations":[{"start":{"line":102,"column":34},"end":{"line":102,"column":47}},{"start":{"line":102,"column":50},"end":{"line":102,"column":59}}]},"5":{"loc":{"start":{"line":105,"column":13},"end":{"line":105,"column":52}},"type":"cond-expr","locations":[{"start":{"line":105,"column":25},"end":{"line":105,"column":40}},{"start":{"line":105,"column":43},"end":{"line":105,"column":52}}]}},"s":{"0":1,"1":1,"2":1,"3":20,"4":20,"5":20,"6":20,"7":3,"8":3,"9":3,"10":0,"11":3,"12":3,"13":2,"14":20,"15":3,"16":3},"f":{"0":20,"1":3,"2":3,"3":3},"b":{"0":[0],"1":[3,3],"2":[20,1],"3":[7,13],"4":[7,13],"5":[7,13]}}
,"C:\\Users\\Conno\\Code\\AlanOS\\client\\src\\components\\LeaveMessage.tsx": {"path":"C:\\Users\\Conno\\Code\\AlanOS\\client\\src\\components\\LeaveMessage.tsx","statementMap":{"0":{"start":{"line":32,"column":0},"end":{"line":32,"column":24}},"1":{"start":{"line":1,"column":0},"end":{"line":1,"column":51}},"2":{"start":{"line":3,"column":0},"end":{"line":3,"column":null}},"3":{"start":{"line":14,"column":0},"end":{"line":14,"column":37}},"4":{"start":{"line":33,"column":26},"end":{"line":33,"column":38}},"5":{"start":{"line":34,"column":32},"end":{"line":34,"column":44}},"6":{"start":{"line":35,"column":26},"end":{"line":35,"column":45}},"7":{"start":{"line":36,"column":30},"end":{"line":36,"column":50}},"8":{"start":{"line":38,"column":2},"end":{"line":60,"column":9}},"9":{"start":{"line":40,"column":14},"end":{"line":40,"column":77}},"10":{"start":{"line":42,"column":24},"end":{"line":57,"column":6}},"11":{"start":{"line":43,"column":26},"end":{"line":43,"column":28}},"12":{"start":{"line":44,"column":6},"end":{"line":52,"column":9}},"13":{"start":{"line":45,"column":21},"end":{"line":45,"column":31}},"14":{"start":{"line":46,"column":8},"end":{"line":51,"column":11}},"15":{"start":{"line":53,"column":6},"end":{"line":53,"column":20}},"16":{"start":{"line":55,"column":6},"end":{"line":55,"column":44}},"17":{"start":{"line":56,"column":6},"end":{"line":56,"column":27}},"18":{"start":{"line":59,"column":4},"end":{"line":59,"column":31}},"19":{"start":{"line":59,"column":17},"end":{"line":59,"column":30}},"20":{"start":{"line":63,"column":4},"end":{"line":63,"column":23}},"21":{"start":{"line":64,"column":4},"end":{"line":67,"column":5}},"22":{"start":{"line":65,"column":6},"end":{"line":65,"column":44}},"23":{"start":{"line":66,"column":6},"end":{"line":66,"column":13}},"24":{"start":{"line":68,"column":4},"end":{"line":68,"column":28}},"25":{"start":{"line":69,"column":4},"end":{"line":80,"column":5}},"26":{"start":{"line":70,"column":6},"end":{"line":74,"column":9}},"27":{"start":{"line":75,"column":6},"end":{"line":75,"column":21}},"28":{"start":{"line":76,"column":6},"end":{"line":76,"column":25}},"29":{"start":{"line":78,"column":6},"end":{"line":78,"column":43}},"30":{"start":{"line":79,"column":6},"end":{"line":79,"column":27}},"31":{"start":{"line":83,"column":2},"end":{"line":118,"column":4}},"32":{"start":{"line":89,"column":27},"end":{"line":89,"column":50}},"33":{"start":{"line":96,"column":27},"end":{"line":96,"column":53}},"34":{"start":{"line":106,"column":10},"end":{"line":106,"column":26}}},"fnMap":{"0":{"name":"LeaveMessage","decl":{"start":{"line":32,"column":24},"end":{"line":32,"column":36}},"loc":{"start":{"line":32,"column":36},"end":{"line":119,"column":1}}},"1":{"name":"(anonymous_1)","decl":{"start":{"line":38,"column":12},"end":{"line":38,"column":15}},"loc":{"start":{"line":38,"column":17},"end":{"line":60,"column":3}}},"2":{"name":"(anonymous_2)","decl":{"start":{"line":42,"column":38},"end":{"line":42,"column":39}},"loc":{"start":{"line":42,"column":85},"end":{"line":54,"column":5}}},"3":{"name":"(anonymous_3)","decl":{"start":{"line":44,"column":28},"end":{"line":44,"column":31}},"loc":{"start":{"line":44,"column":34},"end":{"line":52,"column":7}}},"4":{"name":"(anonymous_4)","decl":{"start":{"line":54,"column":7},"end":{"line":54,"column":8}},"loc":{"start":{"line":54,"column":17},"end":{"line":57,"column":5}}},"5":{"name":"(anonymous_5)","decl":{"start":{"line":59,"column":11},"end":{"line":59,"column":14}},"loc":{"start":{"line":59,"column":17},"end":{"line":59,"column":30}}},"6":{"name":"onSubmit","decl":{"start":{"line":62,"column":17},"end":{"line":62,"column":25}},"loc":{"start":{"line":62,"column":44},"end":{"line":81,"column":3}}},"7":{"name":"(anonymous_7)","decl":{"start":{"line":89,"column":20},"end":{"line":89,"column":21}},"loc":{"start":{"line":89,"column":27},"end":{"line":89,"column":50}}},"8":{"name":"(anonymous_8)","decl":{"start":{"line":96,"column":20},"end":{"line":96,"column":21}},"loc":{"start":{"line":96,"column":27},"end":{"line":96,"column":53}}},"9":{"name":"(anonymous_9)","decl":{"start":{"line":105,"column":18},"end":{"line":105,"column":19}},"loc":{"start":{"line":106,"column":10},"end":{"line":106,"column":26}}}},"branchMap":{"0":{"loc":{"start":{"line":50,"column":21},"end":{"line":50,"column":61}},"type":"binary-expr","locations":[{"start":{"line":50,"column":21},"end":{"line":50,"column":47}},{"start":{"line":50,"column":51},"end":{"line":50,"column":61}}]},"1":{"loc":{"start":{"line":64,"column":4},"end":{"line":67,"column":5}},"type":"if","locations":[{"start":{"line":64,"column":4},"end":{"line":67,"column":5}}]},"2":{"loc":{"start":{"line":71,"column":14},"end":{"line":71,"column":40}},"type":"binary-expr","locations":[{"start":{"line":71,"column":14},"end":{"line":71,"column":25}},{"start":{"line":71,"column":29},"end":{"line":71,"column":40}}]},"3":{"loc":{"start":{"line":104,"column":9},"end":{"line":104,"column":101}},"type":"binary-expr","locations":[{"start":{"line":104,"column":9},"end":{"line":104,"column":26}},{"start":{"line":104,"column":30},"end":{"line":104,"column":101}}]}},"s":{"0":0,"1":0,"2":0,"3":0,"4":0,"5":0,"6":0,"7":0,"8":0,"9":0,"10":0,"11":0,"12":0,"13":0,"14":0,"15":0,"16":0,"17":0,"18":0,"19":0,"20":0,"21":0,"22":0,"23":0,"24":0,"25":0,"26":0,"27":0,"28":0,"29":0,"30":0,"31":0,"32":0,"33":0,"34":0},"f":{"0":0,"1":0,"2":0,"3":0,"4":0,"5":0,"6":0,"7":0,"8":0,"9":0},"b":{"0":[0,0],"1":[0],"2":[0,0],"3":[0,0]}}
,"C:\\Users\\Conno\\Code\\AlanOS\\client\\src\\components\\LoadingTerminal.tsx": {"path":"C:\\Users\\Conno\\Code\\AlanOS\\client\\src\\components\\LoadingTerminal.tsx","statementMap":{"0":{"start":{"line":15,"column":0},"end":{"line":15,"column":24}},"1":{"start":{"line":1,"column":0},"end":{"line":1,"column":51}},"2":{"start":{"line":3,"column":20},"end":{"line":13,"column":2}},"3":{"start":{"line":16,"column":34},"end":{"line":16,"column":53}},"4":{"start":{"line":17,"column":42},"end":{"line":17,"column":74}},"5":{"start":{"line":18,"column":38},"end":{"line":18,"column":57}},"6":{"start":{"line":20,"column":2},"end":{"line":54,"column":9}},"7":{"start":{"line":21,"column":18},"end":{"line":21,"column":22}},"8":{"start":{"line":24,"column":29},"end":{"line":37,"column":11}},"9":{"start":{"line":25,"column":6},"end":{"line":36,"column":9}},"10":{"start":{"line":26,"column":8},"end":{"line":32,"column":9}},"11":{"start":{"line":27,"column":10},"end":{"line":27,"column":42}},"12":{"start":{"line":28,"column":10},"end":{"line":30,"column":18}},"13":{"start":{"line":29,"column":12},"end":{"line":29,"column":38}},"14":{"start":{"line":29,"column":25},"end":{"line":29,"column":38}},"15":{"start":{"line":31,"column":10},"end":{"line":31,"column":21}},"16":{"start":{"line":34,"column":26},"end":{"line":34,"column":51}},"17":{"start":{"line":35,"column":8},"end":{"line":35,"column":47}},"18":{"start":{"line":40,"column":26},"end":{"line":46,"column":12}},"19":{"start":{"line":41,"column":6},"end":{"line":45,"column":9}},"20":{"start":{"line":42,"column":21},"end":{"line":42,"column":52}},"21":{"start":{"line":43,"column":8},"end":{"line":43,"column":43}},"22":{"start":{"line":44,"column":8},"end":{"line":44,"column":20}},"23":{"start":{"line":48,"column":4},"end":{"line":52,"column":6}},"24":{"start":{"line":49,"column":6},"end":{"line":49,"column":22}},"25":{"start":{"line":50,"column":6},"end":{"line":50,"column":38}},"26":{"start":{"line":51,"column":6},"end":{"line":51,"column":35}},"27":{"start":{"line":56,"column":2},"end":{"line":88,"column":4}}},"fnMap":{"0":{"name":"LoadingTerminal","decl":{"start":{"line":15,"column":24},"end":{"line":15,"column":39}},"loc":{"start":{"line":15,"column":82},"end":{"line":89,"column":1}}},"1":{"name":"(anonymous_1)","decl":{"start":{"line":20,"column":12},"end":{"line":20,"column":15}},"loc":{"start":{"line":20,"column":17},"end":{"line":54,"column":3}}},"2":{"name":"(anonymous_2)","decl":{"start":{"line":24,"column":41},"end":{"line":24,"column":44}},"loc":{"start":{"line":24,"column":46},"end":{"line":37,"column":5}}},"3":{"name":"(anonymous_3)","decl":{"start":{"line":25,"column":18},"end":{"line":25,"column":19}},"loc":{"start":{"line":25,"column":27},"end":{"line":36,"column":7}}},"4":{"name":"(anonymous_4)","decl":{"start":{"line":28,"column":21},"end":{"line":28,"column":24}},"loc":{"start":{"line":28,"column":26},"end":{"line":30,"column":11}}},"5":{"name":"(anonymous_5)","decl":{"start":{"line":40,"column":38},"end":{"line":40,"column":41}},"loc":{"start":{"line":40,"column":43},"end":{"line":46,"column":5}}},"6":{"name":"(anonymous_6)","decl":{"start":{"line":41,"column":20},"end":{"line":41,"column":21}},"loc":{"start":{"line":41,"column":29},"end":{"line":45,"column":7}}},"7":{"name":"(anonymous_7)","decl":{"start":{"line":48,"column":11},"end":{"line":48,"column":14}},"loc":{"start":{"line":48,"column":16},"end":{"line":52,"column":5}}}},"branchMap":{"0":{"loc":{"start":{"line":26,"column":8},"end":{"line":32,"column":9}},"type":"if","locations":[{"start":{"line":26,"column":8},"end":{"line":32,"column":9}}]},"1":{"loc":{"start":{"line":29,"column":12},"end":{"line":29,"column":38}},"type":"if","locations":[{"start":{"line":29,"column":12},"end":{"line":29,"column":38}}]},"2":{"loc":{"start":{"line":79,"column":17},"end":{"line":79,"column":39}},"type":"cond-expr","locations":[{"start":{"line":79,"column":34},"end":{"line":79,"column":35}},{"start":{"line":79,"column":38},"end":{"line":79,"column":39}}]}},"s":{"0":0,"1":0,"2":0,"3":0,"4":0,"5":0,"6":0,"7":0,"8":0,"9":0,"10":0,"11":0,"12":0,"13":0,"14":0,"15":0,"16":0,"17":0,"18":0,"19":0,"20":0,"21":0,"22":0,"23":0,"24":0,"25":0,"26":0,"27":0},"f":{"0":0,"1":0,"2":0,"3":0,"4":0,"5":0,"6":0,"7":0},"b":{"0":[0],"1":[0],"2":[0,0]}}
,"C:\\Users\\Conno\\Code\\AlanOS\\client\\src\\components\\Menu.tsx": {"path":"C:\\Users\\Conno\\Code\\AlanOS\\client\\src\\components\\Menu.tsx","statementMap":{"0":{"start":{"line":3,"column":0},"end":{"line":3,"column":24}},"1":{"start":{"line":4,"column":2},"end":{"line":26,"column":4}},"2":{"start":{"line":7,"column":45},"end":{"line":7,"column":61}},"3":{"start":{"line":11,"column":45},"end":{"line":11,"column":63}},"4":{"start":{"line":15,"column":45},"end":{"line":15,"column":64}},"5":{"start":{"line":22,"column":73},"end":{"line":22,"column":89}}},"fnMap":{"0":{"name":"Menu","decl":{"start":{"line":3,"column":24},"end":{"line":3,"column":28}},"loc":{"start":{"line":3,"column":136},"end":{"line":27,"column":1}}},"1":{"name":"(anonymous_1)","decl":{"start":{"line":7,"column":39},"end":{"line":7,"column":42}},"loc":{"start":{"line":7,"column":45},"end":{"line":7,"column":61}}},"2":{"name":"(anonymous_2)","decl":{"start":{"line":11,"column":39},"end":{"line":11,"column":42}},"loc":{"start":{"line":11,"column":45},"end":{"line":11,"column":63}}},"3":{"name":"(anonymous_3)","decl":{"start":{"line":15,"column":39},"end":{"line":15,"column":42}},"loc":{"start":{"line":15,"column":45},"end":{"line":15,"column":64}}},"4":{"name":"(anonymous_4)","decl":{"start":{"line":22,"column":67},"end":{"line":22,"column":70}},"loc":{"start":{"line":22,"column":73},"end":{"line":22,"column":89}}}},"branchMap":{},"s":{"0":0,"1":0,"2":0,"3":0,"4":0,"5":0},"f":{"0":0,"1":0,"2":0,"3":0,"4":0},"b":{}}
,"C:\\Users\\Conno\\Code\\AlanOS\\client\\src\\components\\PhotoCarousel.tsx": {"path":"C:\\Users\\Conno\\Code\\AlanOS\\client\\src\\components\\PhotoCarousel.tsx","statementMap":{"0":{"start":{"line":15,"column":0},"end":{"line":15,"column":24}},"1":{"start":{"line":1,"column":0},"end":{"line":1,"column":64}},"2":{"start":{"line":20,"column":42},"end":{"line":20,"column":62}},"3":{"start":{"line":21,"column":38},"end":{"line":21,"column":53}},"4":{"start":{"line":22,"column":27},"end":{"line":22,"column":31}},"5":{"start":{"line":25,"column":2},"end":{"line":32,"column":36}},"6":{"start":{"line":26,"column":4},"end":{"line":28,"column":5}},"7":{"start":{"line":27,"column":6},"end":{"line":27,"column":41}},"8":{"start":{"line":29,"column":4},"end":{"line":31,"column":5}},"9":{"start":{"line":30,"column":6},"end":{"line":30,"column":25}},"10":{"start":{"line":35,"column":2},"end":{"line":43,"column":34}},"11":{"start":{"line":36,"column":4},"end":{"line":36,"column":50}},"12":{"start":{"line":36,"column":43},"end":{"line":36,"column":50}},"13":{"start":{"line":38,"column":21},"end":{"line":40,"column":24}},"14":{"start":{"line":39,"column":6},"end":{"line":39,"column":60}},"15":{"start":{"line":39,"column":32},"end":{"line":39,"column":58}},"16":{"start":{"line":42,"column":4},"end":{"line":42,"column":41}},"17":{"start":{"line":42,"column":17},"end":{"line":42,"column":40}},"18":{"start":{"line":46,"column":2},"end":{"line":62,"column":36}},"19":{"start":{"line":47,"column":26},"end":{"line":58,"column":5}},"20":{"start":{"line":48,"column":6},"end":{"line":57,"column":7}},"21":{"start":{"line":49,"column":8},"end":{"line":49,"column":27}},"22":{"start":{"line":50,"column":8},"end":{"line":50,"column":23}},"23":{"start":{"line":51,"column":13},"end":{"line":57,"column":7}},"24":{"start":{"line":52,"column":8},"end":{"line":52,"column":27}},"25":{"start":{"line":53,"column":8},"end":{"line":53,"column":19}},"26":{"start":{"line":54,"column":13},"end":{"line":57,"column":7}},"27":{"start":{"line":55,"column":8},"end":{"line":55,"column":27}},"28":{"start":{"line":56,"column":8},"end":{"line":56,"column":39}},"29":{"start":{"line":56,"column":32},"end":{"line":56,"column":37}},"30":{"start":{"line":60,"column":4},"end":{"line":60,"column":54}},"31":{"start":{"line":61,"column":4},"end":{"line":61,"column":70}},"32":{"start":{"line":61,"column":17},"end":{"line":61,"column":69}},"33":{"start":{"line":64,"column":19},"end":{"line":67,"column":21}},"34":{"start":{"line":65,"column":4},"end":{"line":65,"column":36}},"35":{"start":{"line":65,"column":29},"end":{"line":65,"column":36}},"36":{"start":{"line":66,"column":4},"end":{"line":66,"column":58}},"37":{"start":{"line":66,"column":30},"end":{"line":66,"column":56}},"38":{"start":{"line":69,"column":23},"end":{"line":72,"column":21}},"39":{"start":{"line":70,"column":4},"end":{"line":70,"column":36}},"40":{"start":{"line":70,"column":29},"end":{"line":70,"column":36}},"41":{"start":{"line":71,"column":4},"end":{"line":71,"column":74}},"42":{"start":{"line":71,"column":30},"end":{"line":71,"column":72}},"43":{"start":{"line":74,"column":2},"end":{"line":80,"column":3}},"44":{"start":{"line":75,"column":4},"end":{"line":79,"column":6}},"45":{"start":{"line":82,"column":23},"end":{"line":82,"column":43}},"46":{"start":{"line":84,"column":2},"end":{"line":267,"column":4}},"47":{"start":{"line":187,"column":25},"end":{"line":187,"column":51}},"48":{"start":{"line":202,"column":27},"end":{"line":202,"column":56}},"49":{"start":{"line":228,"column":10},"end":{"line":229,"column":null}},"50":{"start":{"line":231,"column":27},"end":{"line":231,"column":49}}},"fnMap":{"0":{"name":"PhotoCarousel","decl":{"start":{"line":15,"column":24},"end":{"line":15,"column":37}},"loc":{"start":{"line":19,"column":21},"end":{"line":268,"column":1}}},"1":{"name":"(anonymous_1)","decl":{"start":{"line":25,"column":12},"end":{"line":25,"column":15}},"loc":{"start":{"line":25,"column":17},"end":{"line":32,"column":3}}},"2":{"name":"(anonymous_2)","decl":{"start":{"line":35,"column":12},"end":{"line":35,"column":15}},"loc":{"start":{"line":35,"column":17},"end":{"line":43,"column":3}}},"3":{"name":"(anonymous_3)","decl":{"start":{"line":38,"column":33},"end":{"line":38,"column":36}},"loc":{"start":{"line":38,"column":38},"end":{"line":40,"column":5}}},"4":{"name":"(anonymous_4)","decl":{"start":{"line":39,"column":22},"end":{"line":39,"column":23}},"loc":{"start":{"line":39,"column":32},"end":{"line":39,"column":58}}},"5":{"name":"(anonymous_5)","decl":{"start":{"line":42,"column":11},"end":{"line":42,"column":14}},"loc":{"start":{"line":42,"column":17},"end":{"line":42,"column":40}}},"6":{"name":"(anonymous_6)","decl":{"start":{"line":46,"column":12},"end":{"line":46,"column":15}},"loc":{"start":{"line":46,"column":17},"end":{"line":62,"column":3}}},"7":{"name":"(anonymous_7)","decl":{"start":{"line":47,"column":26},"end":{"line":47,"column":27}},"loc":{"start":{"line":47,"column":47},"end":{"line":58,"column":5}}},"8":{"name":"(anonymous_8)","decl":{"start":{"line":56,"column":22},"end":{"line":56,"column":23}},"loc":{"start":{"line":56,"column":32},"end":{"line":56,"column":37}}},"9":{"name":"(anonymous_9)","decl":{"start":{"line":61,"column":11},"end":{"line":61,"column":14}},"loc":{"start":{"line":61,"column":17},"end":{"line":61,"column":69}}},"10":{"name":"(anonymous_10)","decl":{"start":{"line":64,"column":31},"end":{"line":64,"column":34}},"loc":{"start":{"line":64,"column":36},"end":{"line":67,"column":3}}},"11":{"name":"(anonymous_11)","decl":{"start":{"line":66,"column":20},"end":{"line":66,"column":21}},"loc":{"start":{"line":66,"column":30},"end":{"line":66,"column":56}}},"12":{"name":"(anonymous_12)","decl":{"start":{"line":69,"column":35},"end":{"line":69,"column":38}},"loc":{"start":{"line":69,"column":40},"end":{"line":72,"column":3}}},"13":{"name":"(anonymous_13)","decl":{"start":{"line":71,"column":20},"end":{"line":71,"column":21}},"loc":{"start":{"line":71,"column":30},"end":{"line":71,"column":72}}},"14":{"name":"(anonymous_14)","decl":{"start":{"line":187,"column":19},"end":{"line":187,"column":22}},"loc":{"start":{"line":187,"column":25},"end":{"line":187,"column":51}}},"15":{"name":"(anonymous_15)","decl":{"start":{"line":202,"column":21},"end":{"line":202,"column":24}},"loc":{"start":{"line":202,"column":27},"end":{"line":202,"column":56}}},"16":{"name":"(anonymous_16)","decl":{"start":{"line":227,"column":20},"end":{"line":227,"column":21}},"loc":{"start":{"line":228,"column":10},"end":{"line":229,"column":null}}},"17":{"name":"(anonymous_17)","decl":{"start":{"line":231,"column":21},"end":{"line":231,"column":24}},"loc":{"start":{"line":231,"column":27},"end":{"line":231,"column":49}}}},"branchMap":{"0":{"loc":{"start":{"line":17,"column":2},"end":{"line":17,"column":16}},"type":"default-arg","locations":[{"start":{"line":17,"column":15},"end":{"line":17,"column":16}}]},"1":{"loc":{"start":{"line":26,"column":4},"end":{"line":28,"column":5}},"type":"if","locations":[{"start":{"line":26,"column":4},"end":{"line":28,"column":5}}]},"2":{"loc":{"start":{"line":26,"column":8},"end":{"line":26,"column":58}},"type":"binary-expr","locations":[{"start":{"line":26,"column":8},"end":{"line":26,"column":37}},{"start":{"line":26,"column":41},"end":{"line":26,"column":58}}]},"3":{"loc":{"start":{"line":29,"column":4},"end":{"line":31,"column":5}},"type":"if","locations":[{"start":{"line":29,"column":4},"end":{"line":31,"column":5}}]},"4":{"loc":{"start":{"line":29,"column":8},"end":{"line":29,"column":45}},"type":"binary-expr","locations":[{"start":{"line":29,"column":8},"end":{"line":29,"column":24}},{"start":{"line":29,"column":28},"end":{"line":29,"column":45}}]},"5":{"loc":{"start":{"line":36,"column":4},"end":{"line":36,"column":50}},"type":"if","locations":[{"start":{"line":36,"column":4},"end":{"line":36,"column":50}}]},"6":{"loc":{"start":{"line":36,"column":8},"end":{"line":36,"column":41}},"type":"binary-expr","locations":[{"start":{"line":36,"column":8},"end":{"line":36,"column":19}},{"start":{"line":36,"column":23},"end":{"line":36,"column":41}}]},"7":{"loc":{"start":{"line":48,"column":6},"end":{"line":57,"column":7}},"type":"if","locations":[{"start":{"line":48,"column":6},"end":{"line":57,"column":7}},{"start":{"line":51,"column":13},"end":{"line":57,"column":7}}]},"8":{"loc":{"start":{"line":51,"column":13},"end":{"line":57,"column":7}},"type":"if","locations":[{"start":{"line":51,"column":13},"end":{"line":57,"column":7}},{"start":{"line":54,"column":13},"end":{"line":57,"column":7}}]},"9":{"loc":{"start":{"line":54,"column":13},"end":{"line":57,"column":7}},"type":"if","locations":[{"start":{"line":54,"column":13},"end":{"line":57,"column":7}}]},"10":{"loc":{"start":{"line":65,"column":4},"end":{"line":65,"column":36}},"type":"if","locations":[{"start":{"line":65,"column":4},"end":{"line":65,"column":36}}]},"11":{"loc":{"start":{"line":70,"column":4},"end":{"line":70,"column":36}},"type":"if","locations":[{"start":{"line":70,"column":4},"end":{"line":70,"column":36}}]},"12":{"loc":{"start":{"line":74,"column":2},"end":{"line":80,"column":3}},"type":"if","locations":[{"start":{"line":74,"column":2},"end":{"line":80,"column":3}}]},"13":{"loc":{"start":{"line":111,"column":15},"end":{"line":111,"column":62}},"type":"binary-expr","locations":[{"start":{"line":111,"column":15},"end":{"line":111,"column":31}},{"start":{"line":111,"column":35},"end":{"line":111,"column":62}}]},"14":{"loc":{"start":{"line":190,"column":29},"end":{"line":190,"column":60}},"type":"cond-expr","locations":[{"start":{"line":190,"column":42},"end":{"line":190,"column":51}},{"start":{"line":190,"column":54},"end":{"line":190,"column":60}}]},"15":{"loc":{"start":{"line":197,"column":11},"end":{"line":197,"column":49}},"type":"cond-expr","locations":[{"start":{"line":197,"column":24},"end":{"line":197,"column":33}},{"start":{"line":197,"column":36},"end":{"line":197,"column":49}}]},"16":{"loc":{"start":{"line":200,"column":9},"end":{"line":213,"column":null}},"type":"binary-expr","locations":[{"start":{"line":200,"column":9},"end":{"line":200,"column":24}},{"start":{"line":201,"column":10},"end":{"line":210,"column":null}}]},"17":{"loc":{"start":{"line":237,"column":16},"end":{"line":237,"column":79}},"type":"cond-expr","locations":[{"start":{"line":237,"column":41},"end":{"line":237,"column":60}},{"start":{"line":237,"column":63},"end":{"line":237,"column":79}}]},"18":{"loc":{"start":{"line":245,"column":19},"end":{"line":245,"column":56}},"type":"binary-expr","locations":[{"start":{"line":245,"column":19},"end":{"line":245,"column":28}},{"start":{"line":245,"column":32},"end":{"line":245,"column":56}}]}},"s":{"0":1,"1":1,"2":16,"3":16,"4":16,"5":16,"6":14,"7":0,"8":14,"9":0,"10":16,"11":11,"12":9,"13":2,"14":0,"15":0,"16":2,"17":2,"18":16,"19":14,"20":3,"21":1,"22":1,"23":2,"24":1,"25":1,"26":1,"27":1,"28":1,"29":1,"30":14,"31":14,"32":14,"33":16,"34":2,"35":0,"36":2,"37":2,"38":16,"39":2,"40":0,"41":2,"42":2,"43":16,"44":1,"45":15,"46":15,"47":1,"48":1,"49":45,"50":1},"f":{"0":16,"1":14,"2":11,"3":0,"4":0,"5":2,"6":14,"7":3,"8":1,"9":14,"10":2,"11":2,"12":2,"13":2,"14":1,"15":1,"16":45,"17":1},"b":{"0":[14],"1":[0],"2":[14,1],"3":[0],"4":[14,0],"5":[9],"6":[11,2],"7":[1,2],"8":[1,1],"9":[1],"10":[0],"11":[0],"12":[1],"13":[15,0],"14":[2,13],"15":[2,13],"16":[15,1],"17":[15,30],"18":[45,0]}}
,"C:\\Users\\Conno\\Code\\AlanOS\\client\\src\\components\\PhotoProjector.tsx": {"path":"C:\\Users\\Conno\\Code\\AlanOS\\client\\src\\components\\PhotoProjector.tsx","statementMap":{"0":{"start":{"line":4,"column":0},"end":{"line":4,"column":24}},"1":{"start":{"line":1,"column":0},"end":{"line":1,"column":51}},"2":{"start":{"line":5,"column":30},"end":{"line":5,"column":51}},"3":{"start":{"line":6,"column":42},"end":{"line":6,"column":53}},"4":{"start":{"line":7,"column":38},"end":{"line":7,"column":52}},"5":{"start":{"line":8,"column":27},"end":{"line":8,"column":31}},"6":{"start":{"line":11,"column":2},"end":{"line":41,"column":9}},"7":{"start":{"line":12,"column":19},"end":{"line":12,"column":62}},"8":{"start":{"line":13,"column":23},"end":{"line":13,"column":42}},"9":{"start":{"line":14,"column":24},"end":{"line":14,"column":44}},"10":{"start":{"line":16,"column":4},"end":{"line":18,"column":5}},"11":{"start":{"line":17,"column":6},"end":{"line":17,"column":53}},"12":{"start":{"line":21,"column":25},"end":{"line":21,"column":65}},"13":{"start":{"line":22,"column":4},"end":{"line":29,"column":5}},"14":{"start":{"line":23,"column":6},"end":{"line":28,"column":7}},"15":{"start":{"line":24,"column":23},"end":{"line":24,"column":47}},"16":{"start":{"line":25,"column":8},"end":{"line":25,"column":26}},"17":{"start":{"line":27,"column":8},"end":{"line":27,"column":61}},"18":{"start":{"line":32,"column":26},"end":{"line":37,"column":5}},"19":{"start":{"line":33,"column":6},"end":{"line":36,"column":7}},"20":{"start":{"line":34,"column":8},"end":{"line":34,"column":37}},"21":{"start":{"line":35,"column":8},"end":{"line":35,"column":52}},"22":{"start":{"line":39,"column":4},"end":{"line":39,"column":54}},"23":{"start":{"line":40,"column":4},"end":{"line":40,"column":70}},"24":{"start":{"line":40,"column":17},"end":{"line":40,"column":69}},"25":{"start":{"line":44,"column":2},"end":{"line":52,"column":34}},"26":{"start":{"line":45,"column":4},"end":{"line":45,"column":50}},"27":{"start":{"line":45,"column":43},"end":{"line":45,"column":50}},"28":{"start":{"line":47,"column":21},"end":{"line":49,"column":24}},"29":{"start":{"line":48,"column":6},"end":{"line":48,"column":60}},"30":{"start":{"line":48,"column":32},"end":{"line":48,"column":58}},"31":{"start":{"line":51,"column":4},"end":{"line":51,"column":41}},"32":{"start":{"line":51,"column":17},"end":{"line":51,"column":40}},"33":{"start":{"line":55,"column":2},"end":{"line":73,"column":22}},"34":{"start":{"line":56,"column":26},"end":{"line":69,"column":5}},"35":{"start":{"line":57,"column":6},"end":{"line":68,"column":7}},"36":{"start":{"line":58,"column":8},"end":{"line":58,"column":27}},"37":{"start":{"line":59,"column":8},"end":{"line":59,"column":78}},"38":{"start":{"line":59,"column":34},"end":{"line":59,"column":76}},"39":{"start":{"line":60,"column":13},"end":{"line":68,"column":7}},"40":{"start":{"line":61,"column":8},"end":{"line":61,"column":27}},"41":{"start":{"line":62,"column":8},"end":{"line":62,"column":62}},"42":{"start":{"line":62,"column":34},"end":{"line":62,"column":60}},"43":{"start":{"line":63,"column":13},"end":{"line":68,"column":7}},"44":{"start":{"line":64,"column":8},"end":{"line":64,"column":27}},"45":{"start":{"line":65,"column":8},"end":{"line":65,"column":39}},"46":{"start":{"line":65,"column":32},"end":{"line":65,"column":37}},"47":{"start":{"line":66,"column":13},"end":{"line":68,"column":7}},"48":{"start":{"line":67,"column":8},"end":{"line":67,"column":23}},"49":{"start":{"line":71,"column":4},"end":{"line":71,"column":54}},"50":{"start":{"line":72,"column":4},"end":{"line":72,"column":70}},"51":{"start":{"line":72,"column":17},"end":{"line":72,"column":69}},"52":{"start":{"line":75,"column":2},"end":{"line":96,"column":3}},"53":{"start":{"line":76,"column":4},"end":{"line":95,"column":6}},"54":{"start":{"line":98,"column":23},"end":{"line":98,"column":43}},"55":{"start":{"line":100,"column":2},"end":{"line":175,"column":4}}},"fnMap":{"0":{"name":"PhotoProjector","decl":{"start":{"line":4,"column":24},"end":{"line":4,"column":38}},"loc":{"start":{"line":4,"column":38},"end":{"line":176,"column":1}}},"1":{"name":"(anonymous_1)","decl":{"start":{"line":11,"column":12},"end":{"line":11,"column":15}},"loc":{"start":{"line":11,"column":17},"end":{"line":41,"column":3}}},"2":{"name":"(anonymous_2)","decl":{"start":{"line":32,"column":26},"end":{"line":32,"column":27}},"loc":{"start":{"line":32,"column":50},"end":{"line":37,"column":5}}},"3":{"name":"(anonymous_3)","decl":{"start":{"line":40,"column":11},"end":{"line":40,"column":14}},"loc":{"start":{"line":40,"column":17},"end":{"line":40,"column":69}}},"4":{"name":"(anonymous_4)","decl":{"start":{"line":44,"column":12},"end":{"line":44,"column":15}},"loc":{"start":{"line":44,"column":17},"end":{"line":52,"column":3}}},"5":{"name":"(anonymous_5)","decl":{"start":{"line":47,"column":33},"end":{"line":47,"column":36}},"loc":{"start":{"line":47,"column":38},"end":{"line":49,"column":5}}},"6":{"name":"(anonymous_6)","decl":{"start":{"line":48,"column":22},"end":{"line":48,"column":23}},"loc":{"start":{"line":48,"column":32},"end":{"line":48,"column":58}}},"7":{"name":"(anonymous_7)","decl":{"start":{"line":51,"column":11},"end":{"line":51,"column":14}},"loc":{"start":{"line":51,"column":17},"end":{"line":51,"column":40}}},"8":{"name":"(anonymous_8)","decl":{"start":{"line":55,"column":12},"end":{"line":55,"column":15}},"loc":{"start":{"line":55,"column":17},"end":{"line":73,"column":3}}},"9":{"name":"(anonymous_9)","decl":{"start":{"line":56,"column":26},"end":{"line":56,"column":27}},"loc":{"start":{"line":56,"column":47},"end":{"line":69,"column":5}}},"10":{"name":"(anonymous_10)","decl":{"start":{"line":59,"column":24},"end":{"line":59,"column":25}},"loc":{"start":{"line":59,"column":34},"end":{"line":59,"column":76}}},"11":{"name":"(anonymous_11)","decl":{"start":{"line":62,"column":24},"end":{"line":62,"column":25}},"loc":{"start":{"line":62,"column":34},"end":{"line":62,"column":60}}},"12":{"name":"(anonymous_12)","decl":{"start":{"line":65,"column":22},"end":{"line":65,"column":23}},"loc":{"start":{"line":65,"column":32},"end":{"line":65,"column":37}}},"13":{"name":"(anonymous_13)","decl":{"start":{"line":72,"column":11},"end":{"line":72,"column":14}},"loc":{"start":{"line":72,"column":17},"end":{"line":72,"column":69}}}},"branchMap":{"0":{"loc":{"start":{"line":16,"column":4},"end":{"line":18,"column":5}},"type":"if","locations":[{"start":{"line":16,"column":4},"end":{"line":18,"column":5}}]},"1":{"loc":{"start":{"line":17,"column":22},"end":{"line":17,"column":51}},"type":"binary-expr","locations":[{"start":{"line":17,"column":22},"end":{"line":17,"column":46}},{"start":{"line":17,"column":50},"end":{"line":17,"column":51}}]},"2":{"loc":{"start":{"line":22,"column":4},"end":{"line":29,"column":5}},"type":"if","locations":[{"start":{"line":22,"column":4},"end":{"line":29,"column":5}}]},"3":{"loc":{"start":{"line":33,"column":6},"end":{"line":36,"column":7}},"type":"if","locations":[{"start":{"line":33,"column":6},"end":{"line":36,"column":7}}]},"4":{"loc":{"start":{"line":35,"column":24},"end":{"line":35,"column":50}},"type":"binary-expr","locations":[{"start":{"line":35,"column":24},"end":{"line":35,"column":45}},{"start":{"line":35,"column":49},"end":{"line":35,"column":50}}]},"5":{"loc":{"start":{"line":45,"column":4},"end":{"line":45,"column":50}},"type":"if","locations":[{"start":{"line":45,"column":4},"end":{"line":45,"column":50}}]},"6":{"loc":{"start":{"line":45,"column":8},"end":{"line":45,"column":41}},"type":"binary-expr","locations":[{"start":{"line":45,"column":8},"end":{"line":45,"column":19}},{"start":{"line":45,"column":23},"end":{"line":45,"column":41}}]},"7":{"loc":{"start":{"line":57,"column":6},"end":{"line":68,"column":7}},"type":"if","locations":[{"start":{"line":57,"column":6},"end":{"line":68,"column":7}},{"start":{"line":60,"column":13},"end":{"line":68,"column":7}}]},"8":{"loc":{"start":{"line":60,"column":13},"end":{"line":68,"column":7}},"type":"if","locations":[{"start":{"line":60,"column":13},"end":{"line":68,"column":7}},{"start":{"line":63,"column":13},"end":{"line":68,"column":7}}]},"9":{"loc":{"start":{"line":63,"column":13},"end":{"line":68,"column":7}},"type":"if","locations":[{"start":{"line":63,"column":13},"end":{"line":68,"column":7}},{"start":{"line":66,"column":13},"end":{"line":68,"column":7}}]},"10":{"loc":{"start":{"line":66,"column":13},"end":{"line":68,"column":7}},"type":"if","locations":[{"start":{"line":66,"column":13},"end":{"line":68,"column":7}}]},"11":{"loc":{"start":{"line":75,"column":2},"end":{"line":96,"column":3}},"type":"if","locations":[{"start":{"line":75,"column":2},"end":{"line":96,"column":3}}]},"12":{"loc":{"start":{"line":118,"column":13},"end":{"line":118,"column":60}},"type":"binary-expr","locations":[{"start":{"line":118,"column":13},"end":{"line":118,"column":29}},{"start":{"line":118,"column":33},"end":{"line":118,"column":60}}]},"13":{"loc":{"start":{"line":147,"column":44},"end":{"line":147,"column":75}},"type":"cond-expr","locations":[{"start":{"line":147,"column":57},"end":{"line":147,"column":66}},{"start":{"line":147,"column":69},"end":{"line":147,"column":75}}]},"14":{"loc":{"start":{"line":148,"column":11},"end":{"line":148,"column":53}},"type":"cond-expr","locations":[{"start":{"line":148,"column":24},"end":{"line":148,"column":40}},{"start":{"line":148,"column":43},"end":{"line":148,"column":53}}]}},"s":{"0":0,"1":0,"2":0,"3":0,"4":0,"5":0,"6":0,"7":0,"8":0,"9":0,"10":0,"11":0,"12":0,"13":0,"14":0,"15":0,"16":0,"17":0,"18":0,"19":0,"20":0,"21":0,"22":0,"23":0,"24":0,"25":0,"26":0,"27":0,"28":0,"29":0,"30":0,"31":0,"32":0,"33":0,"34":0,"35":0,"36":0,"37":0,"38":0,"39":0,"40":0,"41":0,"42":0,"43":0,"44":0,"45":0,"46":0,"47":0,"48":0,"49":0,"50":0,"51":0,"52":0,"53":0,"54":0,"55":0},"f":{"0":0,"1":0,"2":0,"3":0,"4":0,"5":0,"6":0,"7":0,"8":0,"9":0,"10":0,"11":0,"12":0,"13":0},"b":{"0":[0],"1":[0,0],"2":[0],"3":[0],"4":[0,0],"5":[0],"6":[0,0],"7":[0,0],"8":[0,0],"9":[0,0],"10":[0],"11":[0],"12":[0,0],"13":[0,0],"14":[0,0]}}
,"C:\\Users\\Conno\\Code\\AlanOS\\client\\src\\components\\Quiz.tsx": {"path":"C:\\Users\\Conno\\Code\\AlanOS\\client\\src\\components\\Quiz.tsx","statementMap":{"0":{"start":{"line":4,"column":0},"end":{"line":4,"column":24}},"1":{"start":{"line":2,"column":0},"end":{"line":2,"column":51}},"2":{"start":{"line":5,"column":2},"end":{"line":5,"column":27}}},"fnMap":{"0":{"name":"Quiz","decl":{"start":{"line":4,"column":24},"end":{"line":4,"column":28}},"loc":{"start":{"line":4,"column":28},"end":{"line":6,"column":1}}}},"branchMap":{},"s":{"0":0,"1":0,"2":0},"f":{"0":0},"b":{}}
,"C:\\Users\\Conno\\Code\\AlanOS\\client\\src\\components\\QuizProjector.tsx": {"path":"C:\\Users\\Conno\\Code\\AlanOS\\client\\src\\components\\QuizProjector.tsx","statementMap":{"0":{"start":{"line":6,"column":0},"end":{"line":6,"column":24}},"1":{"start":{"line":1,"column":0},"end":{"line":1,"column":51}},"2":{"start":{"line":2,"column":0},"end":{"line":2,"column":79}},"3":{"start":{"line":3,"column":0},"end":{"line":3,"column":37}},"4":{"start":{"line":4,"column":0},"end":{"line":4,"column":50}},"5":{"start":{"line":7,"column":36},"end":{"line":7,"column":65}},"6":{"start":{"line":8,"column":30},"end":{"line":8,"column":45}},"7":{"start":{"line":9,"column":28},"end":{"line":9,"column":50}},"8":{"start":{"line":10,"column":38},"end":{"line":10,"column":49}},"9":{"start":{"line":13,"column":2},"end":{"line":22,"column":9}},"10":{"start":{"line":14,"column":18},"end":{"line":20,"column":6}},"11":{"start":{"line":15,"column":6},"end":{"line":19,"column":7}},"12":{"start":{"line":16,"column":21},"end":{"line":16,"column":32}},"13":{"start":{"line":17,"column":8},"end":{"line":17,"column":55}},"14":{"start":{"line":18,"column":8},"end":{"line":18,"column":46}},"15":{"start":{"line":21,"column":4},"end":{"line":21,"column":25}},"16":{"start":{"line":21,"column":17},"end":{"line":21,"column":24}},"17":{"start":{"line":25,"column":2},"end":{"line":59,"column":18}},"18":{"start":{"line":26,"column":4},"end":{"line":30,"column":5}},"19":{"start":{"line":27,"column":6},"end":{"line":27,"column":19}},"20":{"start":{"line":28,"column":6},"end":{"line":28,"column":23}},"21":{"start":{"line":29,"column":6},"end":{"line":29,"column":13}},"22":{"start":{"line":32,"column":28},"end":{"line":32,"column":48}},"23":{"start":{"line":33,"column":4},"end":{"line":33,"column":33}},"24":{"start":{"line":33,"column":26},"end":{"line":33,"column":33}},"25":{"start":{"line":35,"column":14},"end":{"line":37,"column":null}},"26":{"start":{"line":40,"column":18},"end":{"line":56,"column":6}},"27":{"start":{"line":41,"column":21},"end":{"line":41,"column":67}},"28":{"start":{"line":42,"column":18},"end":{"line":42,"column":19}},"29":{"start":{"line":44,"column":6},"end":{"line":51,"column":9}},"30":{"start":{"line":45,"column":21},"end":{"line":45,"column":31}},"31":{"start":{"line":46,"column":26},"end":{"line":46,"column":37}},"32":{"start":{"line":47,"column":8},"end":{"line":50,"column":9}},"33":{"start":{"line":48,"column":10},"end":{"line":48,"column":30}},"34":{"start":{"line":49,"column":10},"end":{"line":49,"column":18}},"35":{"start":{"line":53,"column":6},"end":{"line":53,"column":74}},"36":{"start":{"line":54,"column":6},"end":{"line":54,"column":23}},"37":{"start":{"line":55,"column":6},"end":{"line":55,"column":27}},"38":{"start":{"line":58,"column":4},"end":{"line":58,"column":25}},"39":{"start":{"line":58,"column":17},"end":{"line":58,"column":24}},"40":{"start":{"line":61,"column":2},"end":{"line":82,"column":3}},"41":{"start":{"line":62,"column":4},"end":{"line":81,"column":6}},"42":{"start":{"line":84,"column":12},"end":{"line":84,"column":32}},"43":{"start":{"line":85,"column":19},"end":{"line":85,"column":40}},"44":{"start":{"line":87,"column":2},"end":{"line":186,"column":4}},"45":{"start":{"line":118,"column":31},"end":{"line":118,"column":81}},"46":{"start":{"line":119,"column":29},"end":{"line":119,"column":77}},"47":{"start":{"line":121,"column":30},"end":{"line":121,"column":49}},"48":{"start":{"line":122,"column":32},"end":{"line":122,"column":72}},"49":{"start":{"line":123,"column":31},"end":{"line":123,"column":71}},"50":{"start":{"line":125,"column":12},"end":{"line":169,"column":14}}},"fnMap":{"0":{"name":"QuizProjector","decl":{"start":{"line":6,"column":24},"end":{"line":6,"column":37}},"loc":{"start":{"line":6,"column":37},"end":{"line":187,"column":1}}},"1":{"name":"(anonymous_1)","decl":{"start":{"line":13,"column":12},"end":{"line":13,"column":15}},"loc":{"start":{"line":13,"column":17},"end":{"line":22,"column":3}}},"2":{"name":"(anonymous_2)","decl":{"start":{"line":14,"column":55},"end":{"line":14,"column":56}},"loc":{"start":{"line":14,"column":64},"end":{"line":20,"column":5}}},"3":{"name":"(anonymous_3)","decl":{"start":{"line":21,"column":11},"end":{"line":21,"column":14}},"loc":{"start":{"line":21,"column":17},"end":{"line":21,"column":24}}},"4":{"name":"(anonymous_4)","decl":{"start":{"line":25,"column":12},"end":{"line":25,"column":15}},"loc":{"start":{"line":25,"column":17},"end":{"line":59,"column":3}}},"5":{"name":"(anonymous_5)","decl":{"start":{"line":40,"column":32},"end":{"line":40,"column":33}},"loc":{"start":{"line":40,"column":45},"end":{"line":56,"column":5}}},"6":{"name":"(anonymous_6)","decl":{"start":{"line":44,"column":23},"end":{"line":44,"column":24}},"loc":{"start":{"line":44,"column":31},"end":{"line":51,"column":7}}},"7":{"name":"(anonymous_7)","decl":{"start":{"line":58,"column":11},"end":{"line":58,"column":14}},"loc":{"start":{"line":58,"column":17},"end":{"line":58,"column":24}}},"8":{"name":"(anonymous_8)","decl":{"start":{"line":117,"column":22},"end":{"line":117,"column":23}},"loc":{"start":{"line":117,"column":36},"end":{"line":170,"column":11}}}},"branchMap":{"0":{"loc":{"start":{"line":15,"column":6},"end":{"line":19,"column":7}},"type":"if","locations":[{"start":{"line":15,"column":6},"end":{"line":19,"column":7}}]},"1":{"loc":{"start":{"line":17,"column":21},"end":{"line":17,"column":53}},"type":"binary-expr","locations":[{"start":{"line":17,"column":21},"end":{"line":17,"column":45}},{"start":{"line":17,"column":49},"end":{"line":17,"column":53}}]},"2":{"loc":{"start":{"line":18,"column":18},"end":{"line":18,"column":44}},"type":"binary-expr","locations":[{"start":{"line":18,"column":18},"end":{"line":18,"column":35}},{"start":{"line":18,"column":39},"end":{"line":18,"column":44}}]},"3":{"loc":{"start":{"line":26,"column":4},"end":{"line":30,"column":5}},"type":"if","locations":[{"start":{"line":26,"column":4},"end":{"line":30,"column":5}}]},"4":{"loc":{"start":{"line":33,"column":4},"end":{"line":33,"column":33}},"type":"if","locations":[{"start":{"line":33,"column":4},"end":{"line":33,"column":33}}]},"5":{"loc":{"start":{"line":47,"column":8},"end":{"line":50,"column":9}},"type":"if","locations":[{"start":{"line":47,"column":8},"end":{"line":50,"column":9}}]},"6":{"loc":{"start":{"line":47,"column":12},"end":{"line":47,"column":88}},"type":"binary-expr","locations":[{"start":{"line":47,"column":12},"end":{"line":47,"column":41}},{"start":{"line":47,"column":45},"end":{"line":47,"column":59}},{"start":{"line":47,"column":63},"end":{"line":47,"column":88}}]},"7":{"loc":{"start":{"line":61,"column":2},"end":{"line":82,"column":3}},"type":"if","locations":[{"start":{"line":61,"column":2},"end":{"line":82,"column":3}}]},"8":{"loc":{"start":{"line":112,"column":24},"end":{"line":112,"column":59}},"type":"cond-expr","locations":[{"start":{"line":112,"column":43},"end":{"line":112,"column":49}},{"start":{"line":112,"column":52},"end":{"line":112,"column":59}}]},"9":{"loc":{"start":{"line":118,"column":31},"end":{"line":118,"column":81}},"type":"cond-expr","locations":[{"start":{"line":118,"column":48},"end":{"line":118,"column":77}},{"start":{"line":118,"column":80},"end":{"line":118,"column":81}}]},"10":{"loc":{"start":{"line":119,"column":29},"end":{"line":119,"column":77}},"type":"cond-expr","locations":[{"start":{"line":119,"column":46},"end":{"line":119,"column":73}},{"start":{"line":119,"column":76},"end":{"line":119,"column":77}}]},"11":{"loc":{"start":{"line":122,"column":32},"end":{"line":122,"column":72}},"type":"cond-expr","locations":[{"start":{"line":122,"column":54},"end":{"line":122,"column":63}},{"start":{"line":122,"column":66},"end":{"line":122,"column":72}}]},"12":{"loc":{"start":{"line":122,"column":32},"end":{"line":122,"column":51}},"type":"binary-expr","locations":[{"start":{"line":122,"column":32},"end":{"line":122,"column":38}},{"start":{"line":122,"column":42},"end":{"line":122,"column":51}}]},"13":{"loc":{"start":{"line":123,"column":31},"end":{"line":123,"column":71}},"type":"cond-expr","locations":[{"start":{"line":123,"column":53},"end":{"line":123,"column":62}},{"start":{"line":123,"column":65},"end":{"line":123,"column":71}}]},"14":{"loc":{"start":{"line":123,"column":31},"end":{"line":123,"column":50}},"type":"binary-expr","locations":[{"start":{"line":123,"column":31},"end":{"line":123,"column":37}},{"start":{"line":123,"column":41},"end":{"line":123,"column":50}}]},"15":{"loc":{"start":{"line":145,"column":37},"end":{"line":147,"column":50}},"type":"cond-expr","locations":[{"start":{"line":146,"column":24},"end":{"line":146,"column":48}},{"start":{"line":147,"column":24},"end":{"line":147,"column":50}}]},"16":{"loc":{"start":{"line":145,"column":37},"end":{"line":145,"column":56}},"type":"binary-expr","locations":[{"start":{"line":145,"column":37},"end":{"line":145,"column":43}},{"start":{"line":145,"column":47},"end":{"line":145,"column":56}}]},"17":{"loc":{"start":{"line":162,"column":21},"end":{"line":162,"column":48}},"type":"binary-expr","locations":[{"start":{"line":162,"column":21},"end":{"line":162,"column":27}},{"start":{"line":162,"column":31},"end":{"line":162,"column":40}},{"start":{"line":162,"column":44},"end":{"line":162,"column":48}}]},"18":{"loc":{"start":{"line":173,"column":9},"end":{"line":182,"column":null}},"type":"binary-expr","locations":[{"start":{"line":173,"column":9},"end":{"line":173,"column":15}},{"start":{"line":174,"column":10},"end":{"line":180,"column":null}}]}},"s":{"0":0,"1":0,"2":0,"3":0,"4":0,"5":0,"6":0,"7":0,"8":0,"9":0,"10":0,"11":0,"12":0,"13":0,"14":0,"15":0,"16":0,"17":0,"18":0,"19":0,"20":0,"21":0,"22":0,"23":0,"24":0,"25":0,"26":0,"27":0,"28":0,"29":0,"30":0,"31":0,"32":0,"33":0,"34":0,"35":0,"36":0,"37":0,"38":0,"39":0,"40":0,"41":0,"42":0,"43":0,"44":0,"45":0,"46":0,"47":0,"48":0,"49":0,"50":0},"f":{"0":0,"1":0,"2":0,"3":0,"4":0,"5":0,"6":
[...]
0":{"name":"(anonymous_10)","decl":{"start":{"line":116,"column":26},"end":{"line":116,"column":31}},"loc":{"start":{"line":116,"column":68},"end":{"line":148,"column":3}}},"11":{"name":"(anonymous_11)","decl":{"start":{"line":150,"column":28},"end":{"line":150,"column":33}},"loc":{"start":{"line":150,"column":39},"end":{"line":170,"column":3}}},"12":{"name":"(anonymous_12)","decl":{"start":{"line":172,"column":18},"end":{"line":172,"column":23}},"loc":{"start":{"line":172,"column":29},"end":{"line":182,"column":3}}},"13":{"name":"(anonymous_13)","decl":{"start":{"line":184,"column":21},"end":{"line":184,"column":24}},"loc":{"start":{"line":184,"column":27},"end":{"line":184,"column":41}}}},"branchMap":{"0":{"loc":{"start":{"line":30,"column":2},"end":{"line":32,"column":3}},"type":"if","locations":[{"start":{"line":30,"column":2},"end":{"line":32,"column":3}}]},"1":{"loc":{"start":{"line":56,"column":46},"end":{"line":56,"column":98}},"type":"cond-expr","locations":[{"start":{"line":56,"column":53},"end":{"line":56,"column":86}},{"start":{"line":56,"column":89},"end":{"line":56,"column":98}}]},"2":{"loc":{"start":{"line":56,"column":62},"end":{"line":56,"column":84}},"type":"binary-expr","locations":[{"start":{"line":56,"column":62},"end":{"line":56,"column":72}},{"start":{"line":56,"column":76},"end":{"line":56,"column":84}}]},"3":{"loc":{"start":{"line":59,"column":8},"end":{"line":84,"column":9}},"type":"if","locations":[{"start":{"line":59,"column":8},"end":{"line":84,"column":9}},{"start":{"line":82,"column":15},"end":{"line":84,"column":9}}]},"4":{"loc":{"start":{"line":67,"column":33},"end":{"line":67,"column":79}},"type":"cond-expr","locations":[{"start":{"line":67,"column":46},"end":{"line":67,"column":71}},{"start":{"line":67,"column":74},"end":{"line":67,"column":79}}]},"5":{"loc":{"start":{"line":69,"column":32},"end":{"line":69,"column":60}},"type":"binary-expr","locations":[{"start":{"line":69,"column":32},"end":{"line":69,"column":44}},{"start":{"line":69,"column":48},"end":{"line":69,"column":60}}]},"6":{"loc":{"start":{"line":101,"column":4},"end":{"line":101,"column":56}},"type":"if","locations":[{"start":{"line":101,"column":4},"end":{"line":101,"column":56}}]},"7":{"loc":{"start":{"line":101,"column":8},"end":{"line":101,"column":47}},"type":"binary-expr","locations":[{"start":{"line":101,"column":8},"end":{"line":101,"column":20}},{"start":{"line":101,"column":24},"end":{"line":101,"column":47}}]},"8":{"loc":{"start":{"line":125,"column":6},"end":{"line":141,"column":7}},"type":"switch","locations":[{"start":{"line":126,"column":8},"end":{"line":126,"column":35}},{"start":{"line":127,"column":8},"end":{"line":129,"column":16}},{"start":{"line":130,"column":8},"end":{"line":132,"column":16}},{"start":{"line":133,"column":8},"end":{"line":135,"column":16}},{"start":{"line":136,"column":8},"end":{"line":138,"column":16}},{"start":{"line":139,"column":8},"end":{"line":140,"column":43}}]},"9":{"loc":{"start":{"line":160,"column":6},"end":{"line":162,"column":7}},"type":"if","locations":[{"start":{"line":160,"column":6},"end":{"line":162,"column":7}}]}},"s":{"0":2,"1":2,"2":2,"3":2,"4":2,"5":2,"6":2,"7":37,"8":37,"9":4,"10":33,"11":28,"12":28,"13":28,"14":28,"15":28,"16":9,"17":0,"18":9,"19":9,"20":9,"21":9,"22":0,"23":0,"24":0,"25":0,"26":0,"27":0,"28":0,"29":0,"30":0,"31":0,"32":9,"33":9,"34":9,"35":0,"36":0,"37":0,"38":9,"39":9,"40":28,"41":9,"42":9,"43":0,"44":0,"45":0,"46":0,"47":0,"48":0,"49":0,"50":28,"51":6,"52":6,"53":6,"54":6,"55":3,"56":3,"57":3,"58":2,"59":2,"60":1,"61":1,"62":0,"63":0,"64":0,"65":0,"66":0,"67":3,"68":3,"69":6,"70":28,"71":0,"72":0,"73":0,"74":0,"75":0,"76":0,"77":0,"78":0,"79":0,"80":0,"81":0,"82":0,"83":28,"84":1,"85":1,"86":1,"87":1,"88":0,"89":0,"90":0,"91":28,"92":4,"93":28,"94":28},"f":{"0":37,"1":28,"2":9,"3":0,"4":9,"5":0,"6":9,"7":9,"8":0,"9":0,"10":6,"11":0,"12":1,"13":4},"b":{"0":[4],"1":[0,9],"2":[0,0],"3":[0,9],"4":[0,0],"5":[0,0],"6":[9],"7":[9,0],"8":[0,2,1,0,0,0],"9":[0]}}
,"C:\\Users\\Conno\\Code\\AlanOS\\client\\src\\data\\quizQuestions.ts": {"path":"C:\\Users\\Conno\\Code\\AlanOS\\client\\src\\data\\quizQuestions.ts","statementMap":{"0":{"start":{"line":7,"column":13},"end":{"line":23,"column":2}}},"fnMap":{},"branchMap":{},"s":{"0":0},"f":{},"b":{}}
,"C:\\Users\\Conno\\Code\\AlanOS\\client\\src\\guest\\GuestQuizLive.tsx": {"path":"C:\\Users\\Conno\\Code\\AlanOS\\client\\src\\guest\\GuestQuizLive.tsx","statementMap":{"0":{"start":{"line":7,"column":0},"end":{"line":7,"column":24}},"1":{"start":{"line":1,"column":0},"end":{"line":1,"column":51}},"2":{"start":{"line":2,"column":0},"end":{"line":2,"column":90}},"3":{"start":{"line":3,"column":0},"end":{"line":3,"column":37}},"4":{"start":{"line":4,"column":0},"end":{"line":4,"column":50}},"5":{"start":{"line":5,"column":0},"end":{"line":5,"column":50}},"6":{"start":{"line":8,"column":36},"end":{"line":8,"column":65}},"7":{"start":{"line":9,"column":30},"end":{"line":9,"column":45}},"8":{"start":{"line":10,"column":46},"end":{"line":10,"column":75}},"9":{"start":{"line":11,"column":34},"end":{"line":11,"column":49}},"10":{"start":{"line":12,"column":26},"end":{"line":12,"column":35}},"11":{"start":{"line":14,"column":2},"end":{"line":32,"column":18}},"12":{"start":{"line":15,"column":18},"end":{"line":30,"column":6}},"13":{"start":{"line":16,"column":6},"end":{"line":29,"column":7}},"14":{"start":{"line":17,"column":21},"end":{"line":17,"column":32}},"15":{"start":{"line":18,"column":23},"end":{"line":18,"column":55}},"16":{"start":{"line":19,"column":26},"end":{"line":19,"column":52}},"17":{"start":{"line":22,"column":8},"end":{"line":25,"column":9}},"18":{"start":{"line":23,"column":10},"end":{"line":23,"column":34}},"19":{"start":{"line":24,"column":10},"end":{"line":24,"column":29}},"20":{"start":{"line":27,"column":8},"end":{"line":27,"column":29}},"21":{"start":{"line":28,"column":8},"end":{"line":28,"column":29}},"22":{"start":{"line":31,"column":4},"end":{"line":31,"column":25}},"23":{"start":{"line":31,"column":17},"end":{"line":31,"column":24}},"24":{"start":{"line":34,"column":2},"end":{"line":43,"column":3}},"25":{"start":{"line":35,"column":4},"end":{"line":42,"column":6}},"26":{"start":{"line":45,"column":12},"end":{"line":45,"column":32}},"27":{"start":{"line":47,"column":21},"end":{"line":65,"column":3}},"28":{"start":{"line":48,"column":4},"end":{"line":48,"column":41}},"29":{"start":{"line":48,"column":34},"end":{"line":48,"column":41}},"30":{"start":{"line":50,"column":4},"end":{"line":50,"column":35}},"31":{"start":{"line":51,"column":4},"end":{"line":51,"column":22}},"32":{"start":{"line":53,"column":4},"end":{"line":64,"column":5}},"33":{"start":{"line":54,"column":6},"end":{"line":59,"column":9}},"34":{"start":{"line":61,"column":6},"end":{"line":61,"column":53}},"35":{"start":{"line":62,"column":6},"end":{"line":62,"column":25}},"36":{"start":{"line":63,"column":6},"end":{"line":63,"column":30}},"37":{"start":{"line":67,"column":2},"end":{"line":126,"column":4}},"38":{"start":{"line":72,"column":22},"end":{"line":72,"column":24}},"39":{"start":{"line":73,"column":26},"end":{"line":73,"column":28}},"40":{"start":{"line":75,"column":8},"end":{"line":78,"column":9}},"41":{"start":{"line":76,"column":10},"end":{"line":76,"column":34}},"42":{"start":{"line":77,"column":10},"end":{"line":77,"column":46}},"43":{"start":{"line":80,"column":8},"end":{"line":88,"column":9}},"44":{"start":{"line":81,"column":10},"end":{"line":87,"column":11}},"45":{"start":{"line":82,"column":12},"end":{"line":82,"column":47}},"46":{"start":{"line":83,"column":12},"end":{"line":83,"column":36}},"47":{"start":{"line":84,"column":17},"end":{"line":87,"column":11}},"48":{"start":{"line":85,"column":12},"end":{"line":85,"column":47}},"49":{"start":{"line":86,"column":12},"end":{"line":86,"column":36}},"50":{"start":{"line":90,"column":8},"end":{"line":111,"column":10}},"51":{"start":{"line":93,"column":29},"end":{"line":93,"column":42}}},"fnMap":{"0":{"name":"GuestQuizLive","decl":{"start":{"line":7,"column":24},"end":{"line":7,"column":37}},"loc":{"start":{"line":7,"column":37},"end":{"line":127,"column":1}}},"1":{"name":"(anonymous_1)","decl":{"start":{"line":14,"column":12},"end":{"line":14,"column":15}},"loc":{"start":{"line":14,"column":17},"end":{"line":32,"column":3}}},"2":{"name":"(anonymous_2)","decl":{"start":{"line":15,"column":55},"end":{"line":15,"column":56}},"loc":{"start":{"line":15,"column":64},"end":{"line":30,"column":5}}},"3":{"name":"(anonymous_3)","decl":{"start":{"line":31,"column":11},"end":{"line":31,"column":14}},"loc":{"start":{"line":31,"column":17},"end":{"line":31,"column":24}}},"4":{"name":"(anonymous_4)","decl":{"start":{"line":47,"column":21},"end":{"line":47,"column":26}},"loc":{"start":{"line":47,"column":51},"end":{"line":65,"column":3}}},"5":{"name":"(anonymous_5)","decl":{"start":{"line":71,"column":18},"end":{"line":71,"column":19}},"loc":{"start":{"line":71,"column":32},"end":{"line":112,"column":7}}},"6":{"name":"(anonymous_6)","decl":{"start":{"line":93,"column":23},"end":{"line":93,"column":26}},"loc":{"start":{"line":93,"column":29},"end":{"line":93,"column":42}}}},"branchMap":{"0":{"loc":{"start":{"line":16,"column":6},"end":{"line":29,"column":7}},"type":"if","locations":[{"start":{"line":16,"column":6},"end":{"line":29,"column":7}}]},"1":{"loc":{"start":{"line":18,"column":23},"end":{"line":18,"column":55}},"type":"binary-expr","locations":[{"start":{"line":18,"column":23},"end":{"line":18,"column":47}},{"start":{"line":18,"column":51},"end":{"line":18,"column":55}}]},"2":{"loc":{"start":{"line":19,"column":26},"end":{"line":19,"column":52}},"type":"binary-expr","locations":[{"start":{"line":19,"column":26},"end":{"line":19,"column":43}},{"start":{"line":19,"column":47},"end":{"line":19,"column":52}}]},"3":{"loc":{"start":{"line":22,"column":8},"end":{"line":25,"column":9}},"type":"if","locations":[{"start":{"line":22,"column":8},"end":{"line":25,"column":9}}]},"4":{"loc":{"start":{"line":34,"column":2},"end":{"line":43,"column":3}},"type":"if","locations":[{"start":{"line":34,"column":2},"end":{"line":43,"column":3}}]},"5":{"loc":{"start":{"line":48,"column":4},"end":{"line":48,"column":41}},"type":"if","locations":[{"start":{"line":48,"column":4},"end":{"line":48,"column":41}}]},"6":{"loc":{"start":{"line":48,"column":8},"end":{"line":48,"column":32}},"type":"binary-expr","locations":[{"start":{"line":48,"column":8},"end":{"line":48,"column":16}},{"start":{"line":48,"column":20},"end":{"line":48,"column":32}}]},"7":{"loc":{"start":{"line":75,"column":8},"end":{"line":78,"column":9}},"type":"if","locations":[{"start":{"line":75,"column":8},"end":{"line":78,"column":9}}]},"8":{"loc":{"start":{"line":75,"column":12},"end":{"line":75,"column":44}},"type":"binary-expr","locations":[{"start":{"line":75,"column":12},"end":{"line":75,"column":20}},{"start":{"line":75,"column":24},"end":{"line":75,"column":44}}]},"9":{"loc":{"start":{"line":80,"column":8},"end":{"line":88,"column":9}},"type":"if","locations":[{"start":{"line":80,"column":8},"end":{"line":88,"column":9}}]},"10":{"loc":{"start":{"line":81,"column":10},"end":{"line":87,"column":11}},"type":"if","locations":[{"start":{"line":81,"column":10},"end":{"line":87,"column":11}},{"start":{"line":84,"column":17},"end":{"line":87,"column":11}}]},"11":{"loc":{"start":{"line":84,"column":17},"end":{"line":87,"column":11}},"type":"if","locations":[{"start":{"line":84,"column":17},"end":{"line":87,"column":11}}]},"12":{"loc":{"start":{"line":94,"column":24},"end":{"line":94,"column":42}},"type":"binary-expr","locations":[{"start":{"line":94,"column":24},"end":{"line":94,"column":32}},{"start":{"line":94,"column":36},"end":{"line":94,"column":42}}]},"13":{"loc":{"start":{"line":99,"column":33},"end":{"line":99,"column":53}},"type":"binary-expr","locations":[{"start":{"line":99,"column":33},"end":{"line":99,"column":40}},{"start":{"line":99,"column":44},"end":{"line":99,"column":53}}]},"14":{"loc":{"start":{"line":100,"column":24},"end":{"line":100,"column":83}},"type":"cond-expr","locations":[{"start":{"line":100,"column":38},"end":{"line":100,"column":64}},{"start":{"line":100,"column":67},"end":{"line":100,"column":83}}]},"15":{"loc":{"start":{"line":102,"column":24},"end":{"line":102,"column":66}},"type":"cond-expr","locations":[{"start":{"line":102,"column":45},"end":{"line":102,"column":54}},{"start":{"line":102,"column":57},"end":{"line":102,"column":66}}]},"16":{"loc":{"start":{"line":102,"column":24},"end":{"line":102,"column":42}},"type":"binary-expr","locations":[{"start":{"line":102,"column":24},"end":{"line":102,"column":32}},{"start":{"line":102,"column":36},"end":{"line":102,"column":42}}]},"17":{"loc":{"start":{"line":103,"column":25},"end":{"line":103,"column":53}},"type":"cond-expr","locations":[{"start":{"line":103,"column":46},"end":{"line":103,"column":49}},{"start":{"line":103,"column":52},"end":{"line":103,"column":53}}]},"18":{"loc":{"start":{"line":103,"column":25},"end":{"line":103,"column":43}},"type":"binary-expr","locations":[{"start":{"line":103,"column":25},"end":{"line":103,"column":33}},{"start":{"line":103,"column":37},"end":{"line":103,"column":43}}]},"19":{"loc":{"start":{"line":108,"column":15},"end":{"line":108,"column":52}},"type":"binary-expr","locations":[{"start":{"line":108,"column":15},"end":{"line":108,"column":21}},{"start":{"line":108,"column":25},"end":{"line":108,"column":44}},{"start":{"line":108,"column":48},"end":{"line":108,"column":52}}]},"20":{"loc":{"start":{"line":114,"column":7},"end":{"line":117,"column":null}},"type":"binary-expr","locations":[{"start":{"line":114,"column":7},"end":{"line":114,"column":15}},{"start":{"line":114,"column":19},"end":{"line":114,"column":26}},{"start":{"line":115,"column":8},"end":{"line":115,"column":null}}]},"21":{"loc":{"start":{"line":120,"column":7},"end":{"line":123,"column":null}},"type":"binary-expr","locations":[{"start":{"line":120,"column":7},"end":{"line":120,"column":13}},{"start":{"line":121,"column":8},"end":{"line":121,"column":null}}]}},"s":{"0":0,"1":0,"2":0,"3":0,"4":0,"5":0,"6":0,"7":0,"8":0,"9":0,"10":0,"11":0,"12":0,"13":0,"14":0,"15":0,"16":0,"17":0,"18":0,"19":0,"20":0,"21":0,"22":0,"23":0,"24":0,"25":0,"26":0,"27":0,"28":0,"29":0,"30":0,"31":0,"32":0,"33":0,"34":0,"35":0,"36":0,"37":0,"38":0,"39":0,"40":0,"41":0,"42":0,"43":0,"44":0,"45":0,"46":0,"47":0,"48":0,"49":0,"50":0,"51":0},"f":{"0":0,"1":0,"2":0,"3":0,"4":0,"5":0,"6":0},"b":{"0":[0],"1":[0,0],"2":[0,0],"3":[0],"4":[0],"5":[0],"6":[0,0],"7":[0],"8":[0,0],"9":[0],"10":[0,0],"11":[0],"12":[0,0],"13":[0,0],"14":[0,0],"15":[0,0],"16":[0,0],"17":[0,0],"18":[0,0],"19":[0,0,0],"20":[0,0,0],"21":[0,0]}}
,"C:\\Users\\Conno\\Code\\AlanOS\\client\\src\\lib\\firebase.ts": {"path":"C:\\Users\\Conno\\Code\\AlanOS\\client\\src\\lib\\firebase.ts","statementMap":{"0":{"start":{"line":1,"column":0},"end":{"line":1,"column":45}},"1":{"start":{"line":2,"column":0},"end":{"line":2,"column":40}},"2":{"start":{"line":3,"column":0},"end":{"line":3,"column":50}},"3":{"start":{"line":4,"column":0},"end":{"line":4,"column":46}},"4":{"start":{"line":5,"column":0},"end":{"line":5,"column":28}},"5":{"start":{"line":8,"column":23},"end":{"line":16,"column":2}},"6":{"start":{"line":19,"column":21},"end":{"line":19,"column":67}},"7":{"start":{"line":20,"column":20},"end":{"line":20,"column":99}},"8":{"start":{"line":20,"column":47},"end":{"line":20,"column":98}},"9":{"start":{"line":22,"column":0},"end":{"line":25,"column":1}},"10":{"start":{"line":23,"column":2},"end":{"line":23,"column":69}},"11":{"start":{"line":24,"column":2},"end":{"line":24,"column":101}},"12":{"start":{"line":28,"column":12},"end":{"line":28,"column":41}},"13":{"start":{"line":31,"column":13},"end":{"line":31,"column":33}},"14":{"start":{"line":32,"column":13},"end":{"line":32,"column":36}},"15":{"start":{"line":33,"column":13},"end":{"line":33,"column":39}},"16":{"start":{"line":36,"column":0},"end":{"line":36,"column":19}}},"fnMap":{"0":{"name":"(anonymous_0)","decl":{"start":{"line":20,"column":40},"end":{"line":20,"column":43}},"loc":{"start":{"line":20,"column":47},"end":{"line":20,"column":98}}}},"branchMap":{"0":{"loc":{"start":{"line":22,"column":0},"end":{"line":25,"column":1}},"type":"if","locations":[{"start":{"line":22,"column":0},"end":{"line":25,"column":1}}]}},"s":{"0":0,"1":0,"2":0,"3":0,"4":0,"5":0,"6":0,"7":0,"8":0,"9":0,"10":0,"11":0,"12":0,"13":0,"14":0,"15":0,"16":0},"f":{"0":0},"b":{"0":[0]}}
,"C:\\Users\\Conno\\Code\\AlanOS\\client\\src\\lib\\photoStorage.ts": {"path":"C:\\Users\\Conno\\Code\\AlanOS\\client\\src\\lib\\photoStorage.ts","statementMap":{"0":{"start":{"line":10,"column":0},"end":{"line":10,"column":7}},"1":{"start":{"line":26,"column":0},"end":{"line":26,"column":7}},"2":{"start":{"line":53,"column":0},"end":{"line":53,"column":16}},"3":{"start":{"line":1,"column":0},"end":{"line":1,"column":92}},"4":{"start":{"line":2,"column":0},"end":{"line":2,"column":32}},"5":{"start":{"line":5,"column":26},"end":{"line":5,"column":43}},"6":{"start":{"line":11,"column":2},"end":{"line":20,"column":3}},"7":{"start":{"line":12,"column":4},"end":{"line":16,"column":7}},"8":{"start":{"line":18,"column":4},"end":{"line":18,"column":52}},"9":{"start":{"line":19,"column":4},"end":{"line":19,"column":16}},"10":{"start":{"line":27,"column":2},"end":{"line":47,"column":3}},"11":{"start":{"line":28,"column":24},"end":{"line":30,"column":null}},"12":{"start":{"line":32,"column":21},"end":{"line":32,"column":47}},"13":{"start":{"line":34,"column":28},"end":{"line":41,"column":6}},"14":{"start":{"line":35,"column":19},"end":{"line":35,"column":29}},"15":{"start":{"line":36,"column":6},"end":{"line":40,"column":8}},"16":{"start":{"line":43,"column":4},"end":{"line":43,"column":18}},"17":{"start":{"line":45,"column":4},"end":{"line":45,"column":50}},"18":{"start":{"line":46,"column":4},"end":{"line":46,"column":14}},"19":{"start":{"line":55,"column":2},"end":{"line":55,"column":67}},"20":{"start":{"line":58,"column":26},"end":{"line":61,"column":null}},"21":{"start":{"line":65,"column":2},"end":{"line":77,"column":3}},"22":{"start":{"line":67,"column":4},"end":{"line":76,"column":12}},"23":{"start":{"line":68,"column":6},"end":{"line":75,"column":8}}},"fnMap":{"0":{"name":"savePhotoUrl","decl":{"start":{"line":10,"column":22},"end":{"line":10,"column":34}},"loc":{"start":{"line":10,"column":64},"end":{"line":21,"column":1}}},"1":{"name":"listPhotos","decl":{"start":{"line":26,"column":22},"end":{"line":26,"column":32}},"loc":{"start":{"line":26,"column":32},"end":{"line":48,"column":1}}},"2":{"name":"(anonymous_2)","decl":{"start":{"line":34,"column":46},"end":{"line":34,"column":47}},"loc":{"start":{"line":34,"column":54},"end":{"line":41,"column":5}}},"3":{"name":"openPhotoProjectorWindow","decl":{"start":{"line":53,"column":16},"end":{"line":53,"column":40}},"loc":{"start":{"line":53,"column":80},"end":{"line":78,"column":1}}},"4":{"name":"(anonymous_4)","decl":{"start":{"line":67,"column":15},"end":{"line":67,"column":18}},"loc":{"start":{"line":67,"column":20},"end":{"line":76,"column":5}}}},"branchMap":{"0":{"loc":{"start":{"line":39,"column":13},"end":{"line":39,"column":46}},"type":"binary-expr","locations":[{"start":{"line":39,"column":13},"end":{"line":39,"column":26}},{"start":{"line":39,"column":30},"end":{"line":39,"column":46}}]},"1":{"loc":{"start":{"line":53,"column":58},"end":{"line":53,"column":80}},"type":"default-arg","locations":[{"start":{"line":53,"column":79},"end":{"line":53,"column":80}}]},"2":{"loc":{"start":{"line":65,"column":2},"end":{"line":77,"column":3}},"type":"if","locations":[{"start":{"line":65,"column":2},"end":{"line":77,"column":3}}]}},"s":{"0":0,"1":0,"2":0,"3":0,"4":0,"5":0,"6":0,"7":0,"8":0,"9":0,"10":0,"11":0,"12":0,"13":0,"14":0,"15":0,"16":0,"17":0,"18":0,"19":0,"20":0,"21":0,"22":0,"23":0},"f":{"0":0,"1":0,"2":0,"3":0,"4":0},"b":{"0":[0,0],"1":[0],"2":[0]}}
}
