TN:
SF:src\App.tsx
FN:15,App
FN:22,(anonymous_2)
FN:44,(anonymous_3)
FN:45,(anonymous_4)
FN:55,(anonymous_5)
FN:58,(anonymous_6)
FN:61,(anonymous_7)
FN:69,(anonymous_8)
FN:114,(anonymous_9)
FN:125,(anonymous_10)
FN:145,(anonymous_11)
FN:170,(anonymous_12)
FN:170,(anonymous_13)
FNF:13
FNH:0
FNDA:0,App
FNDA:0,(anonymous_2)
FNDA:0,(anonymous_3)
FNDA:0,(anonymous_4)
FNDA:0,(anonymous_5)
FNDA:0,(anonymous_6)
FNDA:0,(anonymous_7)
FNDA:0,(anonymous_8)
FNDA:0,(anonymous_9)
FNDA:0,(anonymous_10)
FNDA:0,(anonymous_11)
FNDA:0,(anonymous_12)
FNDA:0,(anonymous_13)
DA:1,0
DA:2,0
DA:3,0
DA:4,0
DA:5,0
DA:6,0
DA:7,0
DA:8,0
DA:9,0
DA:10,0
DA:11,0
DA:15,0
DA:16,0
DA:17,0
DA:18,0
DA:19,0
DA:20,0
DA:22,0
DA:23,0
DA:24,0
DA:26,0
DA:27,0
DA:28,0
DA:31,0
DA:32,0
DA:33,0
DA:36,0
DA:37,0
DA:39,0
DA:44,0
DA:45,0
DA:46,0
DA:47,0
DA:48,0
DA:50,0
DA:54,0
DA:55,0
DA:58,0
DA:60,0
DA:61,0
DA:62,0
DA:69,0
DA:70,0
DA:80,0
DA:81,0
DA:84,0
DA:85,0
DA:89,0
DA:90,0
DA:110,0
DA:111,0
DA:112,0
DA:114,0
DA:119,0
DA:126,0
DA:127,0
DA:128,0
DA:129,0
DA:142,0
DA:145,0
DA:170,0
LF:61
LH:0
BRDA:26,0,0,0
BRDA:31,1,0,0
BRDA:36,2,0,0
BRDA:36,2,1,0
BRDA:47,3,0,0
BRDA:47,3,1,0
BRDA:60,4,0,0
BRDA:60,5,0,0
BRDA:60,5,1,0
BRDA:60,5,2,0
BRDA:72,6,0,0
BRDA:72,6,1,0
BRDA:80,7,0,0
BRDA:84,8,0,0
BRDA:89,9,0,0
BRDA:100,10,0,0
BRDA:100,10,1,0
BRDA:110,11,0,0
BRDA:111,12,0,0
BRDA:144,13,0,0
BRDA:144,13,1,0
BRDA:148,14,0,0
BRDA:148,14,1,0
BRDA:150,15,0,0
BRDA:150,15,1,0
BRDA:150,15,2,0
BRDA:165,16,0,0
BRDA:165,16,1,0
BRDA:173,17,0,0
BRDA:173,17,1,0
BRDA:179,18,0,0
BRDA:179,18,1,0
BRDA:180,19,0,0
BRDA:180,19,1,0
BRDA:181,20,0,0
BRDA:181,20,1,0
BRF:36
BRH:0
end_of_record
TN:
SF:src\admin\AdminQuizPanel.tsx
FN:7,AdminQuizPanel
FN:15,(anonymous_1)
FN:18,(anonymous_2)
FN:26,(anonymous_3)
FN:31,(anonymous_4)
FN:35,(anonymous_5)
FN:43,(anonymous_6)
FN:45,(anonymous_7)
FN:55,(anonymous_8)
FN:58,setQuestion
FN:71,revealAnswer
FN:85,closeQuestion
FN:98,openProjector
FN:102,clearAllResponses
FN:111,(anonymous_14)
FN:122,(anonymous_15)
FN:185,(anonymous_16)
FN:188,(anonymous_17)
FN:235,(anonymous_18)
FNF:19
FNH:0
FNDA:0,AdminQuizPanel
FNDA:0,(anonymous_1)
FNDA:0,(anonymous_2)
FNDA:0,(anonymous_3)
FNDA:0,(anonymous_4)
FNDA:0,(anonymous_5)
FNDA:0,(anonymous_6)
FNDA:0,(anonymous_7)
FNDA:0,(anonymous_8)
FNDA:0,setQuestion
FNDA:0,revealAnswer
FNDA:0,closeQuestion
FNDA:0,openProjector
FNDA:0,clearAllResponses
FNDA:0,(anonymous_14)
FNDA:0,(anonymous_15)
FNDA:0,(anonymous_16)
FNDA:0,(anonymous_17)
FNDA:0,(anonymous_18)
DA:1,0
DA:2,0
DA:3,0
DA:4,0
DA:5,0
DA:7,0
DA:8,0
DA:9,0
DA:10,0
DA:11,0
DA:12,0
DA:15,0
DA:16,0
DA:19,0
DA:20,0
DA:21,0
DA:22,0
DA:24,0
DA:27,0
DA:28,0
DA:31,0
DA:35,0
DA:36,0
DA:38,0
DA:43,0
DA:44,0
DA:45,0
DA:46,0
DA:47,0
DA:48,0
DA:49,0
DA:52,0
DA:55,0
DA:59,0
DA:60,0
DA:64,0
DA:66,0
DA:67,0
DA:72,0
DA:73,0
DA:74,0
DA:78,0
DA:80,0
DA:81,0
DA:86,0
DA:87,0
DA:91,0
DA:93,0
DA:94,0
DA:99,0
DA:103,0
DA:104,0
DA:107,0
DA:108,0
DA:109,0
DA:111,0
DA:112,0
DA:114,0
DA:115,0
DA:117,0
DA:118,0
DA:122,0
DA:124,0
DA:186,0
DA:188,0
DA:236,0
DA:237,0
DA:239,0
LF:68
LH:0
BRDA:19,0,0,0
BRDA:21,1,0,0
BRDA:21,1,1,0
BRDA:22,2,0,0
BRDA:22,2,1,0
BRDA:36,3,0,0
BRDA:48,4,0,0
BRDA:48,5,0,0
BRDA:48,5,1,0
BRDA:48,5,2,0
BRDA:72,6,0,0
BRDA:103,7,0,0
BRDA:162,8,0,0
BRDA:162,8,1,0
BRDA:164,9,0,0
BRDA:164,9,1,0
BRDA:168,10,0,0
BRDA:168,10,1,0
BRDA:191,11,0,0
BRDA:191,11,1,0
BRDA:197,12,0,0
BRDA:197,12,1,0
BRDA:207,13,0,0
BRDA:207,13,1,0
BRDA:221,14,0,0
BRDA:221,14,1,0
BRDA:236,15,0,0
BRDA:236,15,1,0
BRDA:247,16,0,0
BRDA:247,16,1,0
BRDA:247,17,0,0
BRDA:247,17,1,0
BRDA:251,18,0,0
BRDA:251,18,1,0
BRDA:251,19,0,0
BRDA:251,19,1,0
BRDA:253,20,0,0
BRDA:253,20,1,0
BRDA:253,20,2,0
BRDA:266,21,0,0
BRDA:266,21,1,0
BRDA:283,22,0,0
BRDA:283,22,1,0
BRDA:292,23,0,0
BRDA:292,23,1,0
BRF:45
BRH:0
end_of_record
TN:
SF:src\components\AdminDashboard.tsx
FN:7,AdminDashboard
FN:13,(anonymous_2)
FN:19,loadPhotos
FN:31,handlePhotoUploaded
FN:41,(anonymous_5)
FN:54,(anonymous_6)
FN:67,(anonymous_7)
FN:100,(anonymous_8)
FNF:8
FNH:0
FNDA:0,AdminDashboard
FNDA:0,(anonymous_2)
FNDA:0,loadPhotos
FNDA:0,handlePhotoUploaded
FNDA:0,(anonymous_5)
FNDA:0,(anonymous_6)
FNDA:0,(anonymous_7)
FNDA:0,(anonymous_8)
DA:1,0
DA:2,0
DA:3,0
DA:4,0
DA:5,0
DA:7,0
DA:8,0
DA:9,0
DA:10,0
DA:13,0
DA:14,0
DA:15,0
DA:20,0
DA:21,0
DA:22,0
DA:23,0
DA:25,0
DA:27,0
DA:33,0
DA:36,0
DA:41,0
DA:54,0
DA:67,0
DA:100,0
LF:24
LH:0
BRDA:14,0,0,0
BRDA:44,1,0,0
BRDA:44,1,1,0
BRDA:57,2,0,0
BRDA:57,2,1,0
BRDA:70,3,0,0
BRDA:70,3,1,0
BRDA:81,4,0,0
BRDA:81,4,1,0
BRDA:83,5,0,0
BRDA:83,5,1,0
BRDA:96,6,0,0
BRDA:96,6,1,0
BRDA:97,7,0,0
BRDA:97,7,1,0
BRDA:97,7,2,0
BRDA:103,8,0,0
BRDA:103,8,1,0
BRDA:103,8,2,0
BRDA:126,9,0,0
BRDA:126,9,1,0
BRF:21
BRH:0
end_of_record
TN:
SF:src\components\AdminLogin.tsx
FN:8,AdminLogin
FN:13,(anonymous_1)
FN:57,(anonymous_2)
FN:73,(anonymous_3)
FNF:4
FNH:4
FNDA:20,AdminLogin
FNDA:3,(anonymous_1)
FNDA:3,(anonymous_2)
FNDA:3,(anonymous_3)
DA:1,1
DA:2,1
DA:8,1
DA:9,20
DA:10,20
DA:11,20
DA:13,20
DA:14,3
DA:15,3
DA:17,3
DA:18,0
DA:21,3
DA:22,3
DA:23,2
DA:29,20
DA:57,3
DA:73,3
LF:17
LH:16
BRDA:17,0,0,0
BRDA:17,1,0,3
BRDA:17,1,1,3
BRDA:81,2,0,20
BRDA:81,2,1,1
BRDA:101,3,0,7
BRDA:101,3,1,13
BRDA:102,4,0,7
BRDA:102,4,1,13
BRDA:105,5,0,7
BRDA:105,5,1,13
BRF:11
BRH:10
end_of_record
TN:
SF:src\components\LeaveMessage.tsx
FN:32,LeaveMessage
FN:38,(anonymous_1)
FN:42,(anonymous_2)
FN:44,(anonymous_3)
FN:54,(anonymous_4)
FN:59,(anonymous_5)
FN:62,onSubmit
FN:89,(anonymous_7)
FN:96,(anonymous_8)
FN:105,(anonymous_9)
FNF:10
FNH:0
FNDA:0,LeaveMessage
FNDA:0,(anonymous_1)
FNDA:0,(anonymous_2)
FNDA:0,(anonymous_3)
FNDA:0,(anonymous_4)
FNDA:0,(anonymous_5)
FNDA:0,onSubmit
FNDA:0,(anonymous_7)
FNDA:0,(anonymous_8)
FNDA:0,(anonymous_9)
DA:1,0
DA:3,0
DA:14,0
DA:32,0
DA:33,0
DA:34,0
DA:35,0
DA:36,0
DA:38,0
DA:40,0
DA:42,0
DA:43,0
DA:44,0
DA:45,0
DA:46,0
DA:53,0
DA:55,0
DA:56,0
DA:59,0
DA:63,0
DA:64,0
DA:65,0
DA:66,0
DA:68,0
DA:69,0
DA:70,0
DA:75,0
DA:76,0
DA:78,0
DA:79,0
DA:83,0
DA:89,0
DA:96,0
DA:106,0
LF:34
LH:0
BRDA:50,0,0,0
BRDA:50,0,1,0
BRDA:64,1,0,0
BRDA:71,2,0,0
BRDA:71,2,1,0
BRDA:104,3,0,0
BRDA:104,3,1,0
BRF:7
BRH:0
end_of_record
TN:
SF:src\components\LoadingTerminal.tsx
FN:15,LoadingTerminal
FN:20,(anonymous_1)
FN:24,(anonymous_2)
FN:25,(anonymous_3)
FN:28,(anonymous_4)
FN:40,(anonymous_5)
FN:41,(anonymous_6)
FN:48,(anonymous_7)
FNF:8
FNH:0
FNDA:0,LoadingTerminal
FNDA:0,(anonymous_1)
FNDA:0,(anonymous_2)
FNDA:0,(anonymous_3)
FNDA:0,(anonymous_4)
FNDA:0,(anonymous_5)
FNDA:0,(anonymous_6)
FNDA:0,(anonymous_7)
DA:1,0
DA:3,0
DA:15,0
DA:16,0
DA:17,0
DA:18,0
DA:20,0
DA:21,0
DA:24,0
DA:25,0
DA:26,0
DA:27,0
DA:28,0
DA:29,0
DA:31,0
DA:34,0
DA:35,0
DA:40,0
DA:41,0
DA:42,0
DA:43,0
DA:44,0
DA:48,0
DA:49,0
DA:50,0
DA:51,0
DA:56,0
LF:27
LH:0
BRDA:26,0,0,0
BRDA:29,1,0,0
BRDA:79,2,0,0
BRDA:79,2,1,0
BRF:4
BRH:0
end_of_record
TN:
SF:src\components\Menu.tsx
FN:3,Menu
FN:7,(anonymous_1)
FN:11,(anonymous_2)
FN:15,(anonymous_3)
FN:22,(anonymous_4)
FNF:5
FNH:0
FNDA:0,Menu
FNDA:0,(anonymous_1)
FNDA:0,(anonymous_2)
FNDA:0,(anonymous_3)
FNDA:0,(anonymous_4)
DA:3,0
DA:4,0
DA:7,0
DA:11,0
DA:15,0
DA:22,0
LF:6
LH:0
BRF:0
BRH:0
end_of_record
TN:
SF:src\components\PhotoCarousel.tsx
FN:15,PhotoCarousel
FN:25,(anonymous_1)
FN:35,(anonymous_2)
FN:38,(anonymous_3)
FN:39,(anonymous_4)
FN:42,(anonymous_5)
FN:46,(anonymous_6)
FN:47,(anonymous_7)
FN:56,(anonymous_8)
FN:61,(anonymous_9)
FN:64,(anonymous_10)
FN:66,(anonymous_11)
FN:69,(anonymous_12)
FN:71,(anonymous_13)
FN:187,(anonymous_14)
FN:202,(anonymous_15)
FN:227,(anonymous_16)
FN:231,(anonymous_17)
FNF:18
FNH:16
FNDA:16,PhotoCarousel
FNDA:14,(anonymous_1)
FNDA:11,(anonymous_2)
FNDA:0,(anonymous_3)
FNDA:0,(anonymous_4)
FNDA:2,(anonymous_5)
FNDA:14,(anonymous_6)
FNDA:3,(anonymous_7)
FNDA:1,(anonymous_8)
FNDA:14,(anonymous_9)
FNDA:2,(anonymous_10)
FNDA:2,(anonymous_11)
FNDA:2,(anonymous_12)
FNDA:2,(anonymous_13)
FNDA:1,(anonymous_14)
FNDA:1,(anonymous_15)
FNDA:45,(anonymous_16)
FNDA:1,(anonymous_17)
DA:1,1
DA:15,1
DA:20,16
DA:21,16
DA:22,16
DA:25,16
DA:26,14
DA:27,0
DA:29,14
DA:30,0
DA:35,16
DA:36,11
DA:38,2
DA:39,0
DA:42,2
DA:46,16
DA:47,14
DA:48,3
DA:49,1
DA:50,1
DA:51,2
DA:52,1
DA:53,1
DA:54,1
DA:55,1
DA:56,1
DA:60,14
DA:61,14
DA:64,16
DA:65,2
DA:66,2
DA:69,16
DA:70,2
DA:71,2
DA:74,16
DA:75,1
DA:82,15
DA:84,15
DA:187,1
DA:202,1
DA:228,45
DA:231,1
LF:42
LH:39
BRDA:17,0,0,14
BRDA:26,1,0,0
BRDA:26,2,0,14
BRDA:26,2,1,1
BRDA:29,3,0,0
BRDA:29,4,0,14
BRDA:29,4,1,0
BRDA:36,5,0,9
BRDA:36,6,0,11
BRDA:36,6,1,2
BRDA:48,7,0,1
BRDA:48,7,1,2
BRDA:51,8,0,1
BRDA:51,8,1,1
BRDA:54,9,0,1
BRDA:65,10,0,0
BRDA:70,11,0,0
BRDA:74,12,0,1
BRDA:111,13,0,15
BRDA:111,13,1,0
BRDA:190,14,0,2
BRDA:190,14,1,13
BRDA:197,15,0,2
BRDA:197,15,1,13
BRDA:200,16,0,15
BRDA:200,16,1,1
BRDA:237,17,0,15
BRDA:237,17,1,30
BRDA:245,18,0,45
BRDA:245,18,1,0
BRF:30
BRH:23
end_of_record
TN:
SF:src\components\PhotoProjector.tsx
FN:4,PhotoProjector
FN:11,(anonymous_1)
FN:32,(anonymous_2)
FN:40,(anonymous_3)
FN:44,(anonymous_4)
FN:47,(anonymous_5)
FN:48,(anonymous_6)
FN:51,(anonymous_7)
FN:55,(anonymous_8)
FN:56,(anonymous_9)
FN:59,(anonymous_10)
FN:62,(anonymous_11)
FN:65,(anonymous_12)
FN:72,(anonymous_13)
FNF:14
FNH:0
FNDA:0,PhotoProjector
FNDA:0,(anonymous_1)
FNDA:0,(anonymous_2)
FNDA:0,(anonymous_3)
FNDA:0,(anonymous_4)
FNDA:0,(anonymous_5)
FNDA:0,(anonymous_6)
FNDA:0,(anonymous_7)
FNDA:0,(anonymous_8)
FNDA:0,(anonymous_9)
FNDA:0,(anonymous_10)
FNDA:0,(anonymous_11)
FNDA:0,(anonymous_12)
FNDA:0,(anonymous_13)
DA:1,0
DA:4,0
DA:5,0
DA:6,0
DA:7,0
DA:8,0
DA:11,0
DA:12,0
DA:13,0
DA:14,0
DA:16,0
DA:17,0
DA:21,0
DA:22,0
DA:23,0
DA:24,0
DA:25,0
DA:27,0
DA:32,0
DA:33,0
DA:34,0
DA:35,0
DA:39,0
DA:40,0
DA:44,0
DA:45,0
DA:47,0
DA:48,0
DA:51,0
DA:55,0
DA:56,0
DA:57,0
DA:58,0
DA:59,0
DA:60,0
DA:61,0
DA:62,0
DA:63,0
DA:64,0
DA:65,0
DA:66,0
DA:67,0
DA:71,0
DA:72,0
DA:75,0
DA:76,0
DA:98,0
DA:100,0
LF:48
LH:0
BRDA:16,0,0,0
BRDA:17,1,0,0
BRDA:17,1,1,0
BRDA:22,2,0,0
BRDA:33,3,0,0
BRDA:35,4,0,0
BRDA:35,4,1,0
BRDA:45,5,0,0
BRDA:45,6,0,0
BRDA:45,6,1,0
BRDA:57,7,0,0
BRDA:57,7,1,0
BRDA:60,8,0,0
BRDA:60,8,1,0
BRDA:63,9,0,0
BRDA:63,9,1,0
BRDA:66,10,0,0
BRDA:75,11,0,0
BRDA:118,12,0,0
BRDA:118,12,1,0
BRDA:147,13,0,0
BRDA:147,13,1,0
BRDA:148,14,0,0
BRDA:148,14,1,0
BRF:24
BRH:0
end_of_record
TN:
SF:src\components\Quiz.tsx
FN:4,Quiz
FNF:1
FNH:0
FNDA:0,Quiz
DA:2,0
DA:4,0
DA:5,0
LF:3
LH:0
BRF:0
BRH:0
end_of_record
TN:
SF:src\components\QuizProjector.tsx
FN:6,QuizProjector
FN:13,(anonymous_1)
FN:14,(anonymous_2)
FN:21,(anonymous_3)
FN:25,(anonymous_4)
FN:40,(anonymous_5)
FN:44,(anonymous_6)
FN:58,(anonymous_7)
FN:117,(anonymous_8)
FNF:9
FNH:0
FNDA:0,QuizProjector
FNDA:0,(anonymous_1)
FNDA:0,(anonymous_2)
FNDA:0,(anonymous_3)
FNDA:0,(anonymous_4)
FNDA:0,(anonymous_5)
FNDA:0,(anonymous_6)
FNDA:0,(anonymous_7)
FNDA:0,(anonymous_8)
DA:1,0
DA:2,0
DA:3,0
DA:4,0
DA:6,0
DA:7,0
DA:8,0
DA:9,0
DA:10,0
DA:13,0
DA:14,0
DA:15,0
DA:16,0
DA:17,0
DA:18,0
DA:21,0
DA:25,0
DA:26,0
DA:27,0
DA:28,0
DA:29,0
DA:32,0
DA:33,0
DA:35,0
DA:40,0
DA:41,0
DA:42,0
DA:44,0
DA:45,0
DA:46,0
DA:47,0
DA:48,0
DA:49,0
DA:53,0
DA:54,0
DA:55,0
DA:58,0
DA:61,0
DA:62,0
DA:84,0
DA:85,0
DA:87,0
DA:118,0
DA:119,0
DA:121,0
DA:122,0
DA:123,0
DA:125,0
LF:48
LH:0
BRDA:15,0,0,0
BRDA:17,1,0,0
BRDA:17,1,1,0
BRDA:18,2,0,0
BRDA:18,2,1,0
BRDA:26,3,0,0
BRDA:33,4,0,0
BRDA:47,5,0,0
BRDA:47,6,0,0
BRDA:47,6,1,0
BRDA:47,6,2,0
BRDA:61,7,0,0
BRDA:112,8,0,0
BRDA:112,8,1,0
BRDA:118,9,0,0
BRDA:118,9,1,0
BRDA:119,10,0,0
BRDA:119,10,1,0
BRDA:122,11,0,0
BRDA:122,11,1,0
BRDA:122,12,0,0
BRDA:122,12,1,0
BRDA:123,13,0,0
BRDA:123,13,1,0
BRDA:123,14,0,0
BRDA:123,14,1,0
BRDA:145,15,0,0
BRDA:145,15,1,0
BRDA:145,16,0,0
BRDA:145,16,1,0
BRDA:162,17,0,0
BRDA:162,17,1,0
BRDA:162,17,2,0
BRDA:173,18,0,0
BRDA:173,18,1,0
BRF:35
BRH:0
end_of_record
TN:
SF:src\components\UploadPhoto.tsx
FN:13,compressImage
FN:14,(anonymous_1)
FN:18,(anonymous_2)
FN:23,(anonymous_3)
FN:45,(anonymous_4)
FN:55,(anonymous_5)
FN:61,UploadPhoto
FN:67,(anonymous_7)
FN:74,(anonymous_8)
FN:77,onSubmit
FN:130,(anonymous_10)
FNF:11
FNH:0
FNDA:0,compressImage
FNDA:0,(anonymous_1)
FNDA:0,(anonymous_2)
FNDA:0,(anonymous_3)
FNDA:0,(anonymous_4)
FNDA:0,(anonymous_5)
FNDA:0,UploadPhoto
FNDA:0,(anonymous_7)
FNDA:0,(anonymous_8)
FNDA:0,onSubmit
FNDA:0,(anonymous_10)
DA:1,0
DA:2,0
DA:3,0
DA:9,0
DA:10,0
DA:14,0
DA:15,0
DA:16,0
DA:18,0
DA:19,0
DA:20,0
DA:23,0
DA:24,0
DA:25,0
DA:26,0
DA:29,0
DA:30,0
DA:31,0
DA:32,0
DA:34,0
DA:35,0
DA:39,0
DA:40,0
DA:41,0
DA:42,0
DA:44,0
DA:46,0
DA:47,0
DA:48,0
DA:55,0
DA:57,0
DA:61,0
DA:62,0
DA:63,0
DA:64,0
DA:65,0
DA:67,0
DA:68,0
DA:69,0
DA:70,0
DA:72,0
DA:73,0
DA:74,0
DA:78,0
DA:79,0
DA:81,0
DA:82,0
DA:83,0
DA:85,0
DA:86,0
DA:87,0
DA:88,0
DA:90,0
DA:95,0
DA:97,0
DA:98,0
DA:101,0
DA:102,0
DA:104,0
DA:105,0
DA:108,0
DA:109,0
DA:112,0
DA:115,0
DA:116,0
DA:120,0
DA:130,0
LF:67
LH:0
BRDA:13,0,0,0
BRDA:13,1,0,0
BRDA:13,2,0,0
BRDA:19,3,0,0
BRDA:29,4,0,0
BRDA:29,5,0,0
BRDA:29,5,1,0
BRDA:30,6,0,0
BRDA:30,6,1,0
BRDA:46,7,0,0
BRDA:61,8,0,0
BRDA:68,9,0,0
BRDA:79,10,0,0
BRDA:97,11,0,0
BRDA:97,11,1,0
BRDA:108,12,0,0
BRDA:112,13,0,0
BRDA:112,13,1,0
BRDA:130,14,0,0
BRDA:130,14,1,0
BRDA:137,15,0,0
BRDA:137,15,1,0
BRDA:149,16,0,0
BRDA:149,16,1,0
BRDA:153,17,0,0
BRDA:153,17,1,0
BRF:26
BRH:0
end_of_record
TN:
SF:src\contexts\AuthContext.tsx
FN:28,useAuth
FN:40,AuthProvider
FN:46,(anonymous_2)
FN:48,(anonymous_3)
FN:55,(anonymous_4)
FN:89,(anonymous_5)
FN:96,(anonymous_6)
FN:100,(anonymous_7)
FN:104,(anonymous_8)
FN:113,(anonymous_9)
FN:116,(anonymous_10)
FN:150,(anonymous_11)
FN:172,(anonymous_12)
FN:184,(anonymous_13)
FNF:14
FNH:9
FNDA:37,useAuth
FNDA:28,AuthProvider
FNDA:9,(anonymous_2)
FNDA:0,(anonymous_3)
FNDA:9,(anonymous_4)
FNDA:0,(anonymous_5)
FNDA:9,(anonymous_6)
FNDA:9,(anonymous_7)
FNDA:0,(anonymous_8)
FNDA:0,(anonymous_9)
FNDA:6,(anonymous_10)
FNDA:0,(anonymous_11)
FNDA:1,(anonymous_12)
FNDA:4,(anonymous_13)
DA:1,2
DA:2,2
DA:12,2
DA:13,2
DA:26,2
DA:28,2
DA:29,37
DA:30,37
DA:31,4
DA:33,33
DA:40,2
DA:41,28
DA:42,28
DA:43,28
DA:44,28
DA:46,28
DA:48,9
DA:49,0
DA:53,9
DA:56,9
DA:57,9
DA:59,9
DA:61,0
DA:62,0
DA:63,0
DA:66,0
DA:67,0
DA:69,0
DA:70,0
DA:77,0
DA:79,0
DA:80,0
DA:83,9
DA:86,9
DA:87,9
DA:90,0
DA:91,0
DA:92,0
DA:96,9
DA:100,28
DA:101,9
DA:104,0
DA:105,0
DA:106,0
DA:107,0
DA:109,0
DA:113,0
DA:116,28
DA:117,6
DA:118,6
DA:119,6
DA:120,6
DA:122,3
DA:123,3
DA:125,3
DA:128,2
DA:129,2
DA:131,1
DA:132,1
DA:134,0
DA:135,0
DA:137,0
DA:138,0
DA:140,0
DA:143,3
DA:144,3
DA:146,6
DA:150,28
DA:151,0
DA:152,0
DA:153,0
DA:154,0
DA:156,0
DA:157,0
DA:160,0
DA:161,0
DA:164,0
DA:165,0
DA:166,0
DA:168,0
DA:172,28
DA:173,1
DA:174,1
DA:175,1
DA:176,1
DA:178,0
DA:179,0
DA:180,0
DA:184,28
DA:186,28
DA:197,28
LF:91
LH:51
BRDA:30,0,0,4
BRDA:56,1,0,0
BRDA:56,1,1,9
BRDA:56,2,0,0
BRDA:56,2,1,0
BRDA:59,3,0,0
BRDA:59,3,1,9
BRDA:67,4,0,0
BRDA:67,4,1,0
BRDA:69,5,0,0
BRDA:69,5,1,0
BRDA:101,6,0,9
BRDA:101,7,0,9
BRDA:101,7,1,0
BRDA:125,8,0,0
BRDA:125,8,1,2
BRDA:125,8,2,1
BRDA:125,8,3,0
BRDA:125,8,4,0
BRDA:125,8,5,0
BRDA:160,9,0,0
BRF:21
BRH:7
end_of_record
TN:
SF:src\data\quizQuestions.ts
FNF:0
FNH:0
DA:7,0
LF:1
LH:0
BRF:0
BRH:0
end_of_record
TN:
SF:src\guest\GuestQuizLive.tsx
FN:7,GuestQuizLive
FN:14,(anonymous_1)
FN:15,(anonymous_2)
FN:31,(anonymous_3)
FN:47,(anonymous_4)
FN:71,(anonymous_5)
FN:93,(anonymous_6)
FNF:7
FNH:0
FNDA:0,GuestQuizLive
FNDA:0,(anonymous_1)
FNDA:0,(anonymous_2)
FNDA:0,(anonymous_3)
FNDA:0,(anonymous_4)
FNDA:0,(anonymous_5)
FNDA:0,(anonymous_6)
DA:1,0
DA:2,0
DA:3,0
DA:4,0
DA:5,0
DA:7,0
DA:8,0
DA:9,0
DA:10,0
DA:11,0
DA:12,0
DA:14,0
DA:15,0
DA:16,0
DA:17,0
DA:18,0
DA:19,0
DA:22,0
DA:23,0
DA:24,0
DA:27,0
DA:28,0
DA:31,0
DA:34,0
DA:35,0
DA:45,0
DA:47,0
DA:48,0
DA:50,0
DA:51,0
DA:53,0
DA:54,0
DA:61,0
DA:62,0
DA:63,0
DA:67,0
DA:72,0
DA:73,0
DA:75,0
DA:76,0
DA:77,0
DA:80,0
DA:81,0
DA:82,0
DA:83,0
DA:84,0
DA:85,0
DA:86,0
DA:90,0
DA:93,0
LF:50
LH:0
BRDA:16,0,0,0
BRDA:18,1,0,0
BRDA:18,1,1,0
BRDA:19,2,0,0
BRDA:19,2,1,0
BRDA:22,3,0,0
BRDA:34,4,0,0
BRDA:48,5,0,0
BRDA:48,6,0,0
BRDA:48,6,1,0
BRDA:75,7,0,0
BRDA:75,8,0,0
BRDA:75,8,1,0
BRDA:80,9,0,0
BRDA:81,10,0,0
BRDA:81,10,1,0
BRDA:84,11,0,0
BRDA:94,12,0,0
BRDA:94,12,1,0
BRDA:99,13,0,0
BRDA:99,13,1,0
BRDA:100,14,0,0
BRDA:100,14,1,0
BRDA:102,15,0,0
BRDA:102,15,1,0
BRDA:102,16,0,0
BRDA:102,16,1,0
BRDA:103,17,0,0
BRDA:103,17,1,0
BRDA:103,18,0,0
BRDA:103,18,1,0
BRDA:108,19,0,0
BRDA:108,19,1,0
BRDA:108,19,2,0
BRDA:114,20,0,0
BRDA:114,20,1,0
BRDA:114,20,2,0
BRDA:120,21,0,0
BRDA:120,21,1,0
BRF:39
BRH:0
end_of_record
TN:
SF:src\lib\firebase.ts
FN:20,(anonymous_0)
FNF:1
FNH:0
FNDA:0,(anonymous_0)
DA:1,0
DA:2,0
DA:3,0
DA:4,0
DA:5,0
DA:8,0
DA:19,0
DA:20,0
DA:22,0
DA:23,0
DA:24,0
DA:28,0
DA:31,0
DA:32,0
DA:33,0
DA:36,0
LF:16
LH:0
BRDA:22,0,0,0
BRF:1
BRH:0
end_of_record
TN:
SF:src\lib\photoStorage.ts
FN:10,savePhotoUrl
FN:26,listPhotos
FN:34,(anonymous_2)
FN:53,openPhotoProjectorWindow
FN:67,(anonymous_4)
FNF:5
FNH:0
FNDA:0,savePhotoUrl
FNDA:0,listPhotos
FNDA:0,(anonymous_2)
FNDA:0,openPhotoProjectorWindow
FNDA:0,(anonymous_4)
DA:1,0
DA:2,0
DA:5,0
DA:10,0
DA:11,0
DA:12,0
DA:18,0
DA:19,0
DA:26,0
DA:27,0
DA:28,0
DA:32,0
DA:34,0
DA:35,0
DA:36,0
DA:43,0
DA:45,0
DA:46,0
DA:53,0
DA:55,0
DA:58,0
DA:65,0
DA:67,0
DA:68,0
LF:24
LH:0
BRDA:39,0,0,0
BRDA:39,0,1,0
BRDA:53,1,0,0
BRDA:65,2,0,0
BRF:4
BRH:0
end_of_record
